Over-writing config file parameters with provided cli arguments...
Ultralytics YOLOv8.2.64 🚀 Python-3.9.19 torch-2.3.1+cu121 CUDA:0 (NVIDIA GeForce RTX 3070, 7966MiB)
Model summary (fused): 185 layers, 3,007,598 parameters, 14,446 gradients, 8.1 GFLOPs
[34m[1mval: [0mWARNING ⚠️ /home/alex/Desktop/ultralytics/datasets/trash_detection_split/images/val/20210000051.jpg: corrupt JPEG restored and saved
[34m[1mval: [0mWARNING ⚠️ /home/alex/Desktop/ultralytics/datasets/trash_detection_split/images/val/20210000061.jpg: corrupt JPEG restored and saved
                   all       1392       2579      0.804      0.705      0.787      0.661
        Not Recyclable        182        261      0.878      0.772      0.863      0.702
            Food waste        155        340      0.889      0.731      0.845      0.659
                 Glass        145        186      0.738      0.694      0.757      0.672
               Textile        164        192      0.864      0.826      0.883      0.805
                 Metal        229        302      0.694      0.626      0.698      0.564
                Wooden        148        189       0.79      0.667      0.779      0.623
               Leather        140        151      0.909      0.794      0.862      0.769
               Plastic        289        417      0.716      0.594      0.696      0.595
               Ceramic        140        381       0.81      0.707      0.788      0.643
                 Paper        134        160      0.749      0.635      0.701      0.581
Speed: 0.2ms preprocess, 7.2ms inference, 0.0ms loss, 0.5ms postprocess per image
Results saved to [1mruns/detect/2024-08-29-11:12/baseline_val[0m
Before Pruning: MACs= 4.07545 G, #Params= 3.01280 M, mAP= 0.66136
PRUNE RATIO: 0.6
SMOOTH STEPS: 167
Started pruning for iter 1
Progressive Prunning. Current prune rate: 0.017223192527345013 	 - current compression: 1.0175250294841989
Progressive Prunning. Current prune rate: 0.02698952933452558 	 - current compression: 1.0277381694732088
Progressive Prunning. Current prune rate: 0.04051781765654385 	 - current compression: 1.0422288380150868
Progressive Prunning. Current prune rate: 0.05015636627480501 	 - current compression: 1.0528048665000749
Progressive Prunning. Current prune rate: 0.05157033428726387 	 - current compression: 1.0543744424616972
Progressive Prunning. Current prune rate: 0.06796804830592691 	 - current compression: 1.0729245903881164
Progressive Prunning. Current prune rate: 0.07606484072280982 	 - current compression: 1.0823270334060202
Progressive Prunning. Current prune rate: 0.09059618334850196 	 - current compression: 1.0996215121265762
Progressive Prunning. Current prune rate: 0.09198492564055075 	 - current compression: 1.1013033023768253
Progressive Prunning. Current prune rate: 0.10134333599531067 	 - current compression: 1.1127720296911767
Progressive Prunning. Current prune rate: 0.1162099151685576 	 - current compression: 1.1314904038448466
Progressive Prunning. Current prune rate: 0.1254398734996505 	 - current compression: 1.1434319604777916
Progressive Prunning. Current prune rate: 0.12680405390603686 	 - current compression: 1.145218326394282
Progressive Prunning. Current prune rate: 0.14089925710253393 	 - current compression: 1.1640078399039986
Progressive Prunning. Current prune rate: 0.1486379106730687 	 - current compression: 1.1745883596843953
Progressive Prunning. Current prune rate: 0.1640810303246351 	 - current compression: 1.1962882005038804
Progressive Prunning. Current prune rate: 0.17303881640919835 	 - current compression: 1.2092466004968156
Progressive Prunning. Current prune rate: 0.17436980507820304 	 - current compression: 1.2111960126345902
Progressive Prunning. Current prune rate: 0.1880374986972243 	 - current compression: 1.2315839689585693
Progressive Prunning. Current prune rate: 0.1955371717586111 	 - current compression: 1.2430655151414127
Progressive Prunning. Current prune rate: 0.21080006027619508 	 - current compression: 1.2671060268326535
Progressive Prunning. Current prune rate: 0.2121058232247897 	 - current compression: 1.2692059790223635
Progressive Prunning. Current prune rate: 0.22078347104585172 	 - current compression: 1.2833403333245301
Progressive Prunning. Current prune rate: 0.23273448800749336 	 - current compression: 1.30332979179933
Progressive Prunning. Current prune rate: 0.241284347639636 	 - current compression: 1.3180168313240943
Progressive Prunning. Current prune rate: 0.2425655487025682 	 - current compression: 1.3202462579924514
Progressive Prunning. Current prune rate: 0.2570368142835995 	 - current compression: 1.3459617101158954
Progressive Prunning. Current prune rate: 0.2641776846638905 	 - current compression: 1.3590237468446702
Progressive Prunning. Current prune rate: 0.27699898897967934 	 - current compression: 1.38312393033693
Progressive Prunning. Current prune rate: 0.2782549643222015 	 - current compression: 1.3855308323123958
Progressive Prunning. Current prune rate: 0.2865246856908429 	 - current compression: 1.4015901881178308
Progressive Prunning. Current prune rate: 0.3007944774259675 	 - current compression: 1.4301946533812153
Progressive Prunning. Current prune rate: 0.30769636729711053 	 - current compression: 1.4444529145337623
Progressive Prunning. Current prune rate: 0.32009016203542356 	 - current compression: 1.4707832482519547
Progressive Prunning. Current prune rate: 0.321312945640564 	 - current compression: 1.4734331435625043
Progressive Prunning. Current prune rate: 0.32931049476267577 	 - current compression: 1.49100290401316
Progressive Prunning. Current prune rate: 0.34161234838844157 	 - current compression: 1.518862022324181
Progressive Prunning. Current prune rate: 0.34948144548688626 	 - current compression: 1.5372351688699466
Progressive Prunning. Current prune rate: 0.35067966720636434 	 - current compression: 1.540071902103543
Progressive Prunning. Current prune rate: 0.3626373225154823 	 - current compression: 1.5689654184752466
Progressive Prunning. Current prune rate: 0.3691810735402772 	 - current compression: 1.5852409591008825
Progressive Prunning. Current prune rate: 0.3824750281963809 	 - current compression: 1.6193677108786022
Progressive Prunning. Current prune rate: 0.38364802419544886 	 - current compression: 1.622449573061977
Progressive Prunning. Current prune rate: 0.39123698303039234 	 - current compression: 1.6426753467678619
Progressive Prunning. Current prune rate: 0.40161072863165737 	 - current compression: 1.6711529565249226
Progressive Prunning. Current prune rate: 0.4090718992776814 	 - current compression: 1.6922532517537312
Progressive Prunning. Current prune rate: 0.42162534627280024 	 - current compression: 1.7289830969523554
Progressive Prunning. Current prune rate: 0.42276515053448654 	 - current compression: 1.7323971359767052
Progressive Prunning. Current prune rate: 0.4300819371229004 	 - current compression: 1.7546381929916928
Progressive Prunning. Current prune rate: 0.4400613648840712 	 - current compression: 1.7859099859986651
Progressive Prunning. Current prune rate: 0.44725036328356566 	 - current compression: 1.8091373265126345
Progressive Prunning. Current prune rate: 0.44836560565958955 	 - current compression: 1.8127948696812144
Progressive Prunning. Current prune rate: 0.46066646353323387 	 - current compression: 1.8541402163698386
Progressive Prunning. Current prune rate: 0.466612431367785 	 - current compression: 1.8748093484149548
Progressive Prunning. Current prune rate: 0.47729618779619476 	 - current compression: 1.913129341421551
Progressive Prunning. Current prune rate: 0.47838620445180857 	 - current compression: 1.9171272089325155
Progressive Prunning. Current prune rate: 0.48529506458780175 	 - current compression: 1.9428607172751438
Progressive Prunning. Current prune rate: 0.4958032367254625 	 - current compression: 1.9833526766523397
Progressive Prunning. Current prune rate: 0.5025836448377886 	 - current compression: 2.0103882584920076
Progressive Prunning. Current prune rate: 0.5036490996077401 	 - current compression: 2.014703709028658
Progressive Prunning. Current prune rate: 0.5138967166069547 	 - current compression: 2.0571759833011387
Progressive Prunning. Current prune rate: 0.5205334044964183 	 - current compression: 2.0856510325807043
Progressive Prunning. Current prune rate: 0.5308095663897812 	 - current compression: 2.1313307526443572
Progressive Prunning. Current prune rate: 0.5373178022555777 	 - current compression: 2.161310733101477
Progressive Prunning. Current prune rate: 0.5383500652881474 	 - current compression: 2.166143488407875
Progressive Prunning. Current prune rate: 0.5481701727098863 	 - current compression: 2.213222632949183
Progressive Prunning. Current prune rate: 0.5535190211889414 	 - current compression: 2.2397370715834657
Progressive Prunning. Current prune rate: 0.5641460197464284 	 - current compression: 2.2943463758624367
Progressive Prunning. Current prune rate: 0.5651530570585881 	 - current compression: 2.2996597221904183
Progressive Prunning. Current prune rate: 0.5713811546608834 	 - current compression: 2.333075203935131
Progressive Prunning. Current prune rate: 0.5797833110616776 	 - current compression: 2.3797246190447603
Progressive Prunning. Current prune rate: 0.5858836204750534 	 - current compression: 2.4147801184467745
Progressive Prunning. Current prune rate: 0.5868660959015507 	 - current compression: 2.420522716919648
Progressive Prunning. Current prune rate: 0.5971980199137148 	 - current compression: 2.482609444436662
Progressive Prunning. Current prune rate: 0.602188065711674 	 - current compression: 2.513750628896971
Ultralytics YOLOv8.2.64 🚀 Python-3.9.19 torch-2.3.1+cu121 CUDA:0 (NVIDIA GeForce RTX 3070, 7966MiB)
Model summary (fused): 185 layers, 1,195,341 parameters, 14,446 gradients, 3.7 GFLOPs
[34m[1mval: [0mWARNING ⚠️ /home/alex/Desktop/ultralytics/datasets/trash_detection_split/images/val/20210000051.jpg: corrupt JPEG restored and saved
[34m[1mval: [0mWARNING ⚠️ /home/alex/Desktop/ultralytics/datasets/trash_detection_split/images/val/20210000061.jpg: corrupt JPEG restored and saved
                   all       1392       2579          0          0          0          0
Speed: 0.1ms preprocess, 7.2ms inference, 0.0ms loss, 0.1ms postprocess per image
Results saved to [1mruns/detect/2024-08-29-11:12/step_1_pre_val[0m
After pruning iter 2: MACs=1.8844512 G, #Params=1.198527 M, mAP=0.0, speed up=2.1626722941936625
New https://pypi.org/project/ultralytics/8.2.83 available 😃 Update with 'pip install -U ultralytics'
Ultralytics YOLOv8.2.64 🚀 Python-3.9.19 torch-2.3.1+cu121 CUDA:0 (NVIDIA GeForce RTX 3070, 7966MiB)
[34m[1mengine/trainer: [0mtask=detect, mode=train, model=my-models/trash_yolov8n_pretrained.pt, data=my-datasets/trash-detect.yaml, epochs=300, time=None, patience=150, batch=16, imgsz=640, save=True, save_period=-1, cache=False, device=None, workers=8, project=runs/detect/2024-08-29-11:12, name=step_1_finetune, exist_ok=False, pretrained=True, optimizer=Adam, verbose=True, seed=0, deterministic=True, single_cls=False, rect=False, cos_lr=False, close_mosaic=50, resume=False, amp=True, fraction=1.0, profile=False, freeze=None, multi_scale=True, overlap_mask=True, mask_ratio=4, dropout=0.0, val=True, split=val, save_json=False, save_hybrid=False, conf=None, iou=0.5, max_det=300, half=False, dnn=False, plots=True, source=None, vid_stride=1, stream_buffer=False, visualize=False, augment=True, agnostic_nms=False, classes=None, retina_masks=False, embed=None, show=False, save_frames=False, save_txt=False, save_conf=False, save_crop=False, show_labels=True, show_conf=True, show_boxes=True, line_width=None, format=torchscript, keras=False, optimize=False, int8=False, dynamic=False, simplify=False, opset=None, workspace=2, nms=False, lr0=0.0001, lrf=0.1, momentum=0.937, weight_decay=0.0005, warmup_epochs=3.0, warmup_momentum=0.8, warmup_bias_lr=0.1, box=7.5, cls=0.5, dfl=1.5, pose=12.0, kobj=1.0, label_smoothing=0.0, nbs=64, hsv_h=0.015, hsv_s=0.7, hsv_v=0.4, degrees=0.0, translate=0.1, scale=0.5, shear=0.0, perspective=0.0, flipud=0.0, fliplr=0.5, bgr=0.0, mosaic=1.0, mixup=0.0, copy_paste=0.0, auto_augment=randaugment, erasing=0.4, crop_fraction=1.0, cfg=None, tracker=botsort.yaml, save_dir=runs/detect/2024-08-29-11:12/step_1_finetune
Freezing layer 'model.22.dfl.conv.weight'
[34m[1mAMP: [0mrunning Automatic Mixed Precision (AMP) checks with YOLOv8n...
[34m[1mAMP: [0mchecks passed ✅
[34m[1mtrain: [0mWARNING ⚠️ /home/alex/Desktop/ultralytics/datasets/trash_detection_split/images/train/20210000025.jpg: corrupt JPEG restored and saved
[34m[1mtrain: [0mWARNING ⚠️ /home/alex/Desktop/ultralytics/datasets/trash_detection_split/images/train/20210000027.jpg: corrupt JPEG restored and saved
[34m[1mtrain: [0mWARNING ⚠️ /home/alex/Desktop/ultralytics/datasets/trash_detection_split/images/train/20210000031.jpg: corrupt JPEG restored and saved
[34m[1mtrain: [0mWARNING ⚠️ /home/alex/Desktop/ultralytics/datasets/trash_detection_split/images/train/20210000039.jpg: corrupt JPEG restored and saved
[34m[1mtrain: [0mWARNING ⚠️ /home/alex/Desktop/ultralytics/datasets/trash_detection_split/images/train/20210000041.jpg: corrupt JPEG restored and saved
[34m[1mtrain: [0mWARNING ⚠️ /home/alex/Desktop/ultralytics/datasets/trash_detection_split/images/train/20210000053.jpg: corrupt JPEG restored and saved
[34m[1mtrain: [0mWARNING ⚠️ /home/alex/Desktop/ultralytics/datasets/trash_detection_split/images/train/20210000056.jpg: corrupt JPEG restored and saved
[34m[1mtrain: [0mWARNING ⚠️ /home/alex/Desktop/ultralytics/datasets/trash_detection_split/images/train/20210000062.jpg: corrupt JPEG restored and saved
[34m[1mtrain: [0mWARNING ⚠️ /home/alex/Desktop/ultralytics/datasets/trash_detection_split/images/train/20210000064.jpg: corrupt JPEG restored and saved
[34m[1mtrain: [0mWARNING ⚠️ /home/alex/Desktop/ultralytics/datasets/trash_detection_split/images/train/20210000068.jpg: corrupt JPEG restored and saved
[34m[1mval: [0mWARNING ⚠️ /home/alex/Desktop/ultralytics/datasets/trash_detection_split/images/val/20210000051.jpg: corrupt JPEG restored and saved
[34m[1mval: [0mWARNING ⚠️ /home/alex/Desktop/ultralytics/datasets/trash_detection_split/images/val/20210000061.jpg: corrupt JPEG restored and saved
Plotting labels to runs/detect/2024-08-29-11:12/step_1_finetune/labels.jpg... 
[34m[1moptimizer:[0m Adam(lr=0.0001, momentum=0.937) with parameter groups 65 weight(decay=0.0), 72 weight(decay=0.0005), 71 bias(decay=0.0)
Image sizes 640 train, 640 val
Using 8 dataloader workers
Logging results to [1mruns/detect/2024-08-29-11:12/step_1_finetune[0m
Starting training for 300 epochs...

      Epoch    GPU_mem   box_loss   cls_loss   dfl_loss  Instances       Size
                   all       1392       2579     0.0873     0.0814     0.0386     0.0118

      Epoch    GPU_mem   box_loss   cls_loss   dfl_loss  Instances       Size
                   all       1392       2579      0.162      0.173     0.0996     0.0383

      Epoch    GPU_mem   box_loss   cls_loss   dfl_loss  Instances       Size
                   all       1392       2579      0.235      0.268      0.167      0.084

      Epoch    GPU_mem   box_loss   cls_loss   dfl_loss  Instances       Size
                   all       1392       2579       0.24      0.307      0.179     0.0959

      Epoch    GPU_mem   box_loss   cls_loss   dfl_loss  Instances       Size
                   all       1392       2579      0.282      0.324      0.217      0.122

      Epoch    GPU_mem   box_loss   cls_loss   dfl_loss  Instances       Size
                   all       1392       2579      0.283      0.307       0.24      0.141

      Epoch    GPU_mem   box_loss   cls_loss   dfl_loss  Instances       Size
                   all       1392       2579      0.314       0.31      0.259       0.15

      Epoch    GPU_mem   box_loss   cls_loss   dfl_loss  Instances       Size
                   all       1392       2579       0.31      0.362      0.269       0.16

      Epoch    GPU_mem   box_loss   cls_loss   dfl_loss  Instances       Size
                   all       1392       2579      0.337      0.358      0.294      0.176

      Epoch    GPU_mem   box_loss   cls_loss   dfl_loss  Instances       Size
                   all       1392       2579      0.346      0.346      0.294      0.175

      Epoch    GPU_mem   box_loss   cls_loss   dfl_loss  Instances       Size
                   all       1392       2579      0.319       0.35       0.29      0.172

      Epoch    GPU_mem   box_loss   cls_loss   dfl_loss  Instances       Size
                   all       1392       2579      0.377      0.401      0.331      0.201

      Epoch    GPU_mem   box_loss   cls_loss   dfl_loss  Instances       Size
                   all       1392       2579      0.389      0.364      0.336       0.21

      Epoch    GPU_mem   box_loss   cls_loss   dfl_loss  Instances       Size
                   all       1392       2579      0.398      0.383      0.347      0.218

      Epoch    GPU_mem   box_loss   cls_loss   dfl_loss  Instances       Size
                   all       1392       2579      0.427      0.392      0.359      0.229

      Epoch    GPU_mem   box_loss   cls_loss   dfl_loss  Instances       Size
                   all       1392       2579      0.405      0.398      0.355      0.223

      Epoch    GPU_mem   box_loss   cls_loss   dfl_loss  Instances       Size
                   all       1392       2579      0.438      0.413      0.393      0.254

      Epoch    GPU_mem   box_loss   cls_loss   dfl_loss  Instances       Size
                   all       1392       2579      0.438      0.402      0.387      0.254

      Epoch    GPU_mem   box_loss   cls_loss   dfl_loss  Instances       Size
                   all       1392       2579      0.431      0.412      0.395      0.261

      Epoch    GPU_mem   box_loss   cls_loss   dfl_loss  Instances       Size
                   all       1392       2579      0.424       0.42      0.388      0.252

      Epoch    GPU_mem   box_loss   cls_loss   dfl_loss  Instances       Size
                   all       1392       2579      0.445      0.392       0.39      0.261

      Epoch    GPU_mem   box_loss   cls_loss   dfl_loss  Instances       Size
                   all       1392       2579      0.455      0.433      0.414      0.275

      Epoch    GPU_mem   box_loss   cls_loss   dfl_loss  Instances       Size
                   all       1392       2579      0.495      0.433      0.438       0.29

      Epoch    GPU_mem   box_loss   cls_loss   dfl_loss  Instances       Size
                   all       1392       2579      0.491      0.412      0.422      0.279

      Epoch    GPU_mem   box_loss   cls_loss   dfl_loss  Instances       Size
                   all       1392       2579      0.462      0.436      0.425      0.282

      Epoch    GPU_mem   box_loss   cls_loss   dfl_loss  Instances       Size
                   all       1392       2579      0.474       0.44       0.44      0.298

      Epoch    GPU_mem   box_loss   cls_loss   dfl_loss  Instances       Size
                   all       1392       2579      0.505      0.438      0.452      0.305

      Epoch    GPU_mem   box_loss   cls_loss   dfl_loss  Instances       Size
                   all       1392       2579      0.526      0.431       0.45      0.303

      Epoch    GPU_mem   box_loss   cls_loss   dfl_loss  Instances       Size
                   all       1392       2579      0.487      0.461      0.453      0.303

      Epoch    GPU_mem   box_loss   cls_loss   dfl_loss  Instances       Size
                   all       1392       2579      0.521      0.439      0.458      0.304

      Epoch    GPU_mem   box_loss   cls_loss   dfl_loss  Instances       Size
                   all       1392       2579      0.528      0.465      0.478      0.323

      Epoch    GPU_mem   box_loss   cls_loss   dfl_loss  Instances       Size
                   all       1392       2579      0.496      0.458      0.457      0.303

      Epoch    GPU_mem   box_loss   cls_loss   dfl_loss  Instances       Size
                   all       1392       2579      0.552      0.464       0.49      0.332

      Epoch    GPU_mem   box_loss   cls_loss   dfl_loss  Instances       Size
                   all       1392       2579      0.528      0.448      0.468      0.314

      Epoch    GPU_mem   box_loss   cls_loss   dfl_loss  Instances       Size
                   all       1392       2579      0.549      0.429      0.467      0.318

      Epoch    GPU_mem   box_loss   cls_loss   dfl_loss  Instances       Size
                   all       1392       2579      0.531      0.463      0.493      0.337

      Epoch    GPU_mem   box_loss   cls_loss   dfl_loss  Instances       Size
                   all       1392       2579      0.529      0.477      0.495      0.341

      Epoch    GPU_mem   box_loss   cls_loss   dfl_loss  Instances       Size
                   all       1392       2579      0.569      0.453      0.498      0.349

      Epoch    GPU_mem   box_loss   cls_loss   dfl_loss  Instances       Size
                   all       1392       2579      0.555      0.473      0.501      0.347

      Epoch    GPU_mem   box_loss   cls_loss   dfl_loss  Instances       Size
                   all       1392       2579      0.554      0.476      0.503      0.351

      Epoch    GPU_mem   box_loss   cls_loss   dfl_loss  Instances       Size
                   all       1392       2579      0.535      0.456      0.487      0.337

      Epoch    GPU_mem   box_loss   cls_loss   dfl_loss  Instances       Size
                   all       1392       2579      0.593      0.464      0.517      0.358

      Epoch    GPU_mem   box_loss   cls_loss   dfl_loss  Instances       Size
                   all       1392       2579      0.541      0.494      0.514      0.361

      Epoch    GPU_mem   box_loss   cls_loss   dfl_loss  Instances       Size
                   all       1392       2579      0.573      0.473      0.509       0.36

      Epoch    GPU_mem   box_loss   cls_loss   dfl_loss  Instances       Size
                   all       1392       2579      0.546       0.49       0.51      0.356

      Epoch    GPU_mem   box_loss   cls_loss   dfl_loss  Instances       Size
                   all       1392       2579      0.582      0.473      0.513      0.358

      Epoch    GPU_mem   box_loss   cls_loss   dfl_loss  Instances       Size
                   all       1392       2579       0.58      0.483      0.523      0.367

      Epoch    GPU_mem   box_loss   cls_loss   dfl_loss  Instances       Size
                   all       1392       2579      0.572      0.495      0.519      0.366

      Epoch    GPU_mem   box_loss   cls_loss   dfl_loss  Instances       Size
                   all       1392       2579      0.551      0.497      0.516      0.365

      Epoch    GPU_mem   box_loss   cls_loss   dfl_loss  Instances       Size
                   all       1392       2579      0.568      0.506      0.529      0.373

      Epoch    GPU_mem   box_loss   cls_loss   dfl_loss  Instances       Size
                   all       1392       2579      0.575      0.508      0.535      0.379

      Epoch    GPU_mem   box_loss   cls_loss   dfl_loss  Instances       Size
                   all       1392       2579      0.581      0.509      0.539       0.38

      Epoch    GPU_mem   box_loss   cls_loss   dfl_loss  Instances       Size
                   all       1392       2579      0.589      0.506       0.54      0.381

      Epoch    GPU_mem   box_loss   cls_loss   dfl_loss  Instances       Size
                   all       1392       2579      0.584      0.514       0.54      0.383

      Epoch    GPU_mem   box_loss   cls_loss   dfl_loss  Instances       Size
                   all       1392       2579      0.609      0.503      0.541      0.385

      Epoch    GPU_mem   box_loss   cls_loss   dfl_loss  Instances       Size
                   all       1392       2579      0.597      0.508      0.546      0.388

      Epoch    GPU_mem   box_loss   cls_loss   dfl_loss  Instances       Size
                   all       1392       2579      0.586      0.506       0.54      0.385

      Epoch    GPU_mem   box_loss   cls_loss   dfl_loss  Instances       Size
                   all       1392       2579      0.584      0.516      0.547       0.39

      Epoch    GPU_mem   box_loss   cls_loss   dfl_loss  Instances       Size
                   all       1392       2579      0.598      0.505      0.545      0.391

      Epoch    GPU_mem   box_loss   cls_loss   dfl_loss  Instances       Size
                   all       1392       2579       0.64      0.487      0.549      0.393

      Epoch    GPU_mem   box_loss   cls_loss   dfl_loss  Instances       Size
                   all       1392       2579      0.589      0.522      0.555      0.399

      Epoch    GPU_mem   box_loss   cls_loss   dfl_loss  Instances       Size
                   all       1392       2579      0.602      0.497      0.546      0.393

      Epoch    GPU_mem   box_loss   cls_loss   dfl_loss  Instances       Size
                   all       1392       2579        0.6      0.506      0.551      0.397

      Epoch    GPU_mem   box_loss   cls_loss   dfl_loss  Instances       Size
                   all       1392       2579      0.595      0.506      0.556        0.4

      Epoch    GPU_mem   box_loss   cls_loss   dfl_loss  Instances       Size
                   all       1392       2579       0.65      0.487      0.559      0.402

      Epoch    GPU_mem   box_loss   cls_loss   dfl_loss  Instances       Size
                   all       1392       2579      0.634      0.497      0.564      0.406

      Epoch    GPU_mem   box_loss   cls_loss   dfl_loss  Instances       Size
                   all       1392       2579      0.639      0.501      0.563      0.408

      Epoch    GPU_mem   box_loss   cls_loss   dfl_loss  Instances       Size
                   all       1392       2579      0.608      0.521      0.568      0.409

      Epoch    GPU_mem   box_loss   cls_loss   dfl_loss  Instances       Size
                   all       1392       2579      0.638      0.517      0.571      0.414

      Epoch    GPU_mem   box_loss   cls_loss   dfl_loss  Instances       Size
                   all       1392       2579       0.64        0.5      0.564      0.408

      Epoch    GPU_mem   box_loss   cls_loss   dfl_loss  Instances       Size
                   all       1392       2579      0.618      0.522      0.574      0.416

      Epoch    GPU_mem   box_loss   cls_loss   dfl_loss  Instances       Size
                   all       1392       2579      0.646      0.515      0.576      0.419

      Epoch    GPU_mem   box_loss   cls_loss   dfl_loss  Instances       Size
                   all       1392       2579      0.642      0.517      0.573      0.417

      Epoch    GPU_mem   box_loss   cls_loss   dfl_loss  Instances       Size
                   all       1392       2579      0.649      0.514      0.579      0.421

      Epoch    GPU_mem   box_loss   cls_loss   dfl_loss  Instances       Size
                   all       1392       2579      0.632      0.524      0.576      0.418

      Epoch    GPU_mem   box_loss   cls_loss   dfl_loss  Instances       Size
                   all       1392       2579      0.634      0.525      0.581      0.425

      Epoch    GPU_mem   box_loss   cls_loss   dfl_loss  Instances       Size
                   all       1392       2579      0.628      0.532      0.583      0.426

      Epoch    GPU_mem   box_loss   cls_loss   dfl_loss  Instances       Size
                   all       1392       2579       0.64       0.53      0.581      0.424

      Epoch    GPU_mem   box_loss   cls_loss   dfl_loss  Instances       Size
                   all       1392       2579       0.63      0.541       0.59      0.431

      Epoch    GPU_mem   box_loss   cls_loss   dfl_loss  Instances       Size
                   all       1392       2579      0.642       0.53      0.584      0.429

      Epoch    GPU_mem   box_loss   cls_loss   dfl_loss  Instances       Size
                   all       1392       2579       0.62      0.543      0.588      0.433

      Epoch    GPU_mem   box_loss   cls_loss   dfl_loss  Instances       Size
                   all       1392       2579      0.613      0.552      0.587      0.432

      Epoch    GPU_mem   box_loss   cls_loss   dfl_loss  Instances       Size
                   all       1392       2579      0.627      0.538      0.588      0.431

      Epoch    GPU_mem   box_loss   cls_loss   dfl_loss  Instances       Size
                   all       1392       2579      0.631      0.537      0.589      0.434

      Epoch    GPU_mem   box_loss   cls_loss   dfl_loss  Instances       Size
                   all       1392       2579      0.656      0.522       0.59      0.437

      Epoch    GPU_mem   box_loss   cls_loss   dfl_loss  Instances       Size
                   all       1392       2579      0.652      0.526      0.589      0.434

      Epoch    GPU_mem   box_loss   cls_loss   dfl_loss  Instances       Size
                   all       1392       2579      0.644       0.53      0.591      0.435

      Epoch    GPU_mem   box_loss   cls_loss   dfl_loss  Instances       Size
                   all       1392       2579       0.63      0.535      0.594      0.439

      Epoch    GPU_mem   box_loss   cls_loss   dfl_loss  Instances       Size
                   all       1392       2579      0.619      0.546      0.595       0.44

      Epoch    GPU_mem   box_loss   cls_loss   dfl_loss  Instances       Size
                   all       1392       2579       0.63      0.542      0.596      0.442

      Epoch    GPU_mem   box_loss   cls_loss   dfl_loss  Instances       Size
                   all       1392       2579      0.647      0.529      0.592      0.439

      Epoch    GPU_mem   box_loss   cls_loss   dfl_loss  Instances       Size
                   all       1392       2579      0.648      0.539      0.596      0.441

      Epoch    GPU_mem   box_loss   cls_loss   dfl_loss  Instances       Size
                   all       1392       2579      0.635       0.54      0.597      0.442

      Epoch    GPU_mem   box_loss   cls_loss   dfl_loss  Instances       Size
                   all       1392       2579      0.639      0.541      0.597      0.443

      Epoch    GPU_mem   box_loss   cls_loss   dfl_loss  Instances       Size
                   all       1392       2579      0.639      0.538      0.595      0.443

      Epoch    GPU_mem   box_loss   cls_loss   dfl_loss  Instances       Size
                   all       1392       2579      0.625      0.544      0.597      0.445

      Epoch    GPU_mem   box_loss   cls_loss   dfl_loss  Instances       Size
                   all       1392       2579      0.624      0.556      0.601      0.446

      Epoch    GPU_mem   box_loss   cls_loss   dfl_loss  Instances       Size
                   all       1392       2579      0.619      0.561      0.601      0.447

      Epoch    GPU_mem   box_loss   cls_loss   dfl_loss  Instances       Size
                   all       1392       2579      0.632      0.554      0.599      0.447

      Epoch    GPU_mem   box_loss   cls_loss   dfl_loss  Instances       Size
                   all       1392       2579      0.631       0.55      0.599      0.445

      Epoch    GPU_mem   box_loss   cls_loss   dfl_loss  Instances       Size
                   all       1392       2579      0.633      0.553        0.6      0.445

      Epoch    GPU_mem   box_loss   cls_loss   dfl_loss  Instances       Size
                   all       1392       2579      0.628      0.557        0.6      0.445

      Epoch    GPU_mem   box_loss   cls_loss   dfl_loss  Instances       Size
                   all       1392       2579      0.633      0.556      0.601      0.445

      Epoch    GPU_mem   box_loss   cls_loss   dfl_loss  Instances       Size
                   all       1392       2579      0.635      0.553        0.6      0.444

      Epoch    GPU_mem   box_loss   cls_loss   dfl_loss  Instances       Size
                   all       1392       2579      0.633      0.555      0.601      0.445

      Epoch    GPU_mem   box_loss   cls_loss   dfl_loss  Instances       Size
                   all       1392       2579      0.653      0.543      0.601      0.447

      Epoch    GPU_mem   box_loss   cls_loss   dfl_loss  Instances       Size
                   all       1392       2579      0.649      0.547      0.604      0.449

      Epoch    GPU_mem   box_loss   cls_loss   dfl_loss  Instances       Size
                   all       1392       2579      0.656      0.544      0.603      0.449

      Epoch    GPU_mem   box_loss   cls_loss   dfl_loss  Instances       Size
                   all       1392       2579      0.647      0.545      0.604      0.449

      Epoch    GPU_mem   box_loss   cls_loss   dfl_loss  Instances       Size
                   all       1392       2579      0.649      0.555      0.605      0.449

      Epoch    GPU_mem   box_loss   cls_loss   dfl_loss  Instances       Size
                   all       1392       2579      0.647      0.552      0.605      0.449

      Epoch    GPU_mem   box_loss   cls_loss   dfl_loss  Instances       Size
                   all       1392       2579      0.647      0.552      0.606      0.449

      Epoch    GPU_mem   box_loss   cls_loss   dfl_loss  Instances       Size
                   all       1392       2579      0.654      0.545      0.606      0.449

      Epoch    GPU_mem   box_loss   cls_loss   dfl_loss  Instances       Size
                   all       1392       2579      0.646      0.552      0.607      0.449

      Epoch    GPU_mem   box_loss   cls_loss   dfl_loss  Instances       Size
                   all       1392       2579      0.637      0.556      0.608      0.451

      Epoch    GPU_mem   box_loss   cls_loss   dfl_loss  Instances       Size
                   all       1392       2579      0.647      0.554      0.607      0.452

      Epoch    GPU_mem   box_loss   cls_loss   dfl_loss  Instances       Size
                   all       1392       2579      0.655      0.549      0.608      0.452

      Epoch    GPU_mem   box_loss   cls_loss   dfl_loss  Instances       Size
                   all       1392       2579       0.66      0.552      0.609      0.453

      Epoch    GPU_mem   box_loss   cls_loss   dfl_loss  Instances       Size
                   all       1392       2579      0.668      0.544      0.611      0.454

      Epoch    GPU_mem   box_loss   cls_loss   dfl_loss  Instances       Size
                   all       1392       2579      0.652       0.55      0.611      0.455

      Epoch    GPU_mem   box_loss   cls_loss   dfl_loss  Instances       Size
                   all       1392       2579      0.668      0.548      0.612      0.456

      Epoch    GPU_mem   box_loss   cls_loss   dfl_loss  Instances       Size
                   all       1392       2579      0.657       0.56      0.612      0.456

      Epoch    GPU_mem   box_loss   cls_loss   dfl_loss  Instances       Size
                   all       1392       2579      0.663      0.552      0.612      0.457

      Epoch    GPU_mem   box_loss   cls_loss   dfl_loss  Instances       Size
                   all       1392       2579      0.654      0.559      0.612      0.456

      Epoch    GPU_mem   box_loss   cls_loss   dfl_loss  Instances       Size
                   all       1392       2579      0.654      0.559      0.614      0.457

      Epoch    GPU_mem   box_loss   cls_loss   dfl_loss  Instances       Size
                   all       1392       2579       0.65      0.563      0.614      0.457

      Epoch    GPU_mem   box_loss   cls_loss   dfl_loss  Instances       Size
                   all       1392       2579      0.653      0.563      0.614      0.457

      Epoch    GPU_mem   box_loss   cls_loss   dfl_loss  Instances       Size
                   all       1392       2579      0.666      0.556      0.614      0.458

      Epoch    GPU_mem   box_loss   cls_loss   dfl_loss  Instances       Size
                   all       1392       2579      0.663      0.558      0.616      0.459

      Epoch    GPU_mem   box_loss   cls_loss   dfl_loss  Instances       Size
                   all       1392       2579      0.659      0.561      0.615      0.459

      Epoch    GPU_mem   box_loss   cls_loss   dfl_loss  Instances       Size
                   all       1392       2579      0.659      0.559      0.615      0.458

      Epoch    GPU_mem   box_loss   cls_loss   dfl_loss  Instances       Size
                   all       1392       2579      0.661      0.558      0.615      0.458

      Epoch    GPU_mem   box_loss   cls_loss   dfl_loss  Instances       Size
                   all       1392       2579      0.662      0.556      0.616      0.458

      Epoch    GPU_mem   box_loss   cls_loss   dfl_loss  Instances       Size
                   all       1392       2579      0.661      0.559      0.616      0.459

      Epoch    GPU_mem   box_loss   cls_loss   dfl_loss  Instances       Size
                   all       1392       2579      0.658      0.559      0.616       0.46

      Epoch    GPU_mem   box_loss   cls_loss   dfl_loss  Instances       Size
                   all       1392       2579      0.654      0.565      0.616       0.46

      Epoch    GPU_mem   box_loss   cls_loss   dfl_loss  Instances       Size
                   all       1392       2579       0.65      0.564      0.615       0.46

      Epoch    GPU_mem   box_loss   cls_loss   dfl_loss  Instances       Size
                   all       1392       2579       0.65       0.57      0.616      0.461

      Epoch    GPU_mem   box_loss   cls_loss   dfl_loss  Instances       Size
                   all       1392       2579      0.648      0.569      0.617      0.461

      Epoch    GPU_mem   box_loss   cls_loss   dfl_loss  Instances       Size
                   all       1392       2579      0.639      0.578      0.618      0.461

      Epoch    GPU_mem   box_loss   cls_loss   dfl_loss  Instances       Size
                   all       1392       2579      0.637      0.578      0.617       0.46

      Epoch    GPU_mem   box_loss   cls_loss   dfl_loss  Instances       Size
                   all       1392       2579      0.637      0.575      0.616       0.46

      Epoch    GPU_mem   box_loss   cls_loss   dfl_loss  Instances       Size
                   all       1392       2579      0.657       0.56      0.617       0.46

      Epoch    GPU_mem   box_loss   cls_loss   dfl_loss  Instances       Size
                   all       1392       2579      0.661       0.56      0.618      0.461

      Epoch    GPU_mem   box_loss   cls_loss   dfl_loss  Instances       Size
                   all       1392       2579      0.653      0.569      0.618      0.462

      Epoch    GPU_mem   box_loss   cls_loss   dfl_loss  Instances       Size
                   all       1392       2579      0.648      0.571      0.619      0.462

      Epoch    GPU_mem   box_loss   cls_loss   dfl_loss  Instances       Size
                   all       1392       2579      0.646      0.572      0.618      0.462

      Epoch    GPU_mem   box_loss   cls_loss   dfl_loss  Instances       Size
                   all       1392       2579      0.647      0.569      0.619      0.462

      Epoch    GPU_mem   box_loss   cls_loss   dfl_loss  Instances       Size
                   all       1392       2579      0.651      0.568      0.619      0.462

      Epoch    GPU_mem   box_loss   cls_loss   dfl_loss  Instances       Size
                   all       1392       2579      0.652      0.565      0.619      0.462

      Epoch    GPU_mem   box_loss   cls_loss   dfl_loss  Instances       Size
                   all       1392       2579      0.652      0.566      0.619      0.462

      Epoch    GPU_mem   box_loss   cls_loss   dfl_loss  Instances       Size
                   all       1392       2579      0.655      0.566       0.62      0.462

      Epoch    GPU_mem   box_loss   cls_loss   dfl_loss  Instances       Size
                   all       1392       2579       0.65      0.566       0.62      0.462

      Epoch    GPU_mem   box_loss   cls_loss   dfl_loss  Instances       Size
                   all       1392       2579      0.654      0.565      0.619      0.463

      Epoch    GPU_mem   box_loss   cls_loss   dfl_loss  Instances       Size
                   all       1392       2579      0.654      0.566      0.619      0.463

      Epoch    GPU_mem   box_loss   cls_loss   dfl_loss  Instances       Size
                   all       1392       2579      0.655      0.564      0.619      0.463

      Epoch    GPU_mem   box_loss   cls_loss   dfl_loss  Instances       Size
                   all       1392       2579      0.653      0.569      0.619      0.463

      Epoch    GPU_mem   box_loss   cls_loss   dfl_loss  Instances       Size
                   all       1392       2579      0.648       0.57      0.619      0.464

      Epoch    GPU_mem   box_loss   cls_loss   dfl_loss  Instances       Size
                   all       1392       2579      0.655      0.565      0.619      0.464

      Epoch    GPU_mem   box_loss   cls_loss   dfl_loss  Instances       Size
                   all       1392       2579      0.653      0.566       0.62      0.465

      Epoch    GPU_mem   box_loss   cls_loss   dfl_loss  Instances       Size
                   all       1392       2579      0.656      0.568       0.62      0.465

      Epoch    GPU_mem   box_loss   cls_loss   dfl_loss  Instances       Size
                   all       1392       2579      0.651      0.575       0.62      0.465

      Epoch    GPU_mem   box_loss   cls_loss   dfl_loss  Instances       Size
                   all       1392       2579       0.65      0.577      0.619      0.465

      Epoch    GPU_mem   box_loss   cls_loss   dfl_loss  Instances       Size
                   all       1392       2579      0.651      0.573      0.619      0.465

      Epoch    GPU_mem   box_loss   cls_loss   dfl_loss  Instances       Size
                   all       1392       2579      0.652      0.573      0.619      0.465

      Epoch    GPU_mem   box_loss   cls_loss   dfl_loss  Instances       Size
                   all       1392       2579      0.653      0.572      0.619      0.465

      Epoch    GPU_mem   box_loss   cls_loss   dfl_loss  Instances       Size
                   all       1392       2579      0.656      0.571       0.62      0.466

      Epoch    GPU_mem   box_loss   cls_loss   dfl_loss  Instances       Size
                   all       1392       2579      0.654       0.57      0.619      0.466

      Epoch    GPU_mem   box_loss   cls_loss   dfl_loss  Instances       Size
                   all       1392       2579      0.656      0.568      0.619      0.466

      Epoch    GPU_mem   box_loss   cls_loss   dfl_loss  Instances       Size
                   all       1392       2579      0.657      0.568      0.619      0.466

      Epoch    GPU_mem   box_loss   cls_loss   dfl_loss  Instances       Size
                   all       1392       2579       0.66      0.567       0.62      0.466

      Epoch    GPU_mem   box_loss   cls_loss   dfl_loss  Instances       Size
                   all       1392       2579      0.655      0.567       0.62      0.466

      Epoch    GPU_mem   box_loss   cls_loss   dfl_loss  Instances       Size
                   all       1392       2579      0.658      0.567      0.619      0.466

      Epoch    GPU_mem   box_loss   cls_loss   dfl_loss  Instances       Size
                   all       1392       2579      0.659      0.567       0.62      0.466

      Epoch    GPU_mem   box_loss   cls_loss   dfl_loss  Instances       Size
                   all       1392       2579       0.66      0.568       0.62      0.466

      Epoch    GPU_mem   box_loss   cls_loss   dfl_loss  Instances       Size
                   all       1392       2579      0.658      0.567       0.62      0.467

      Epoch    GPU_mem   box_loss   cls_loss   dfl_loss  Instances       Size
                   all       1392       2579      0.657      0.568       0.62      0.467

      Epoch    GPU_mem   box_loss   cls_loss   dfl_loss  Instances       Size
                   all       1392       2579      0.659      0.567       0.62      0.468

      Epoch    GPU_mem   box_loss   cls_loss   dfl_loss  Instances       Size
                   all       1392       2579       0.66      0.563       0.62      0.468

      Epoch    GPU_mem   box_loss   cls_loss   dfl_loss  Instances       Size
                   all       1392       2579      0.662      0.564      0.621      0.467

      Epoch    GPU_mem   box_loss   cls_loss   dfl_loss  Instances       Size
                   all       1392       2579      0.664      0.559      0.622      0.468

      Epoch    GPU_mem   box_loss   cls_loss   dfl_loss  Instances       Size
                   all       1392       2579      0.667      0.556      0.622      0.468

      Epoch    GPU_mem   box_loss   cls_loss   dfl_loss  Instances       Size
                   all       1392       2579      0.667      0.557      0.622      0.468

      Epoch    GPU_mem   box_loss   cls_loss   dfl_loss  Instances       Size
                   all       1392       2579      0.669      0.558      0.622      0.469

      Epoch    GPU_mem   box_loss   cls_loss   dfl_loss  Instances       Size
                   all       1392       2579       0.67      0.558      0.622      0.469

      Epoch    GPU_mem   box_loss   cls_loss   dfl_loss  Instances       Size
                   all       1392       2579       0.67      0.558      0.622      0.469

      Epoch    GPU_mem   box_loss   cls_loss   dfl_loss  Instances       Size
                   all       1392       2579      0.672      0.556      0.622      0.469

      Epoch    GPU_mem   box_loss   cls_loss   dfl_loss  Instances       Size
                   all       1392       2579      0.672      0.557      0.622       0.47

      Epoch    GPU_mem   box_loss   cls_loss   dfl_loss  Instances       Size
                   all       1392       2579      0.674      0.558      0.622       0.47

      Epoch    GPU_mem   box_loss   cls_loss   dfl_loss  Instances       Size
                   all       1392       2579      0.672      0.557      0.622       0.47

      Epoch    GPU_mem   box_loss   cls_loss   dfl_loss  Instances       Size
                   all       1392       2579      0.673      0.556      0.623       0.47

      Epoch    GPU_mem   box_loss   cls_loss   dfl_loss  Instances       Size
                   all       1392       2579      0.674      0.556      0.623       0.47

      Epoch    GPU_mem   box_loss   cls_loss   dfl_loss  Instances       Size
                   all       1392       2579      0.676      0.554      0.622       0.47

      Epoch    GPU_mem   box_loss   cls_loss   dfl_loss  Instances       Size
                   all       1392       2579       0.67       0.56      0.623       0.47

      Epoch    GPU_mem   box_loss   cls_loss   dfl_loss  Instances       Size
                   all       1392       2579      0.669      0.561      0.623       0.47

      Epoch    GPU_mem   box_loss   cls_loss   dfl_loss  Instances       Size
                   all       1392       2579      0.671      0.561      0.623       0.47

      Epoch    GPU_mem   box_loss   cls_loss   dfl_loss  Instances       Size
                   all       1392       2579      0.671       0.56      0.623       0.47

      Epoch    GPU_mem   box_loss   cls_loss   dfl_loss  Instances       Size
                   all       1392       2579       0.67      0.559      0.623       0.47

      Epoch    GPU_mem   box_loss   cls_loss   dfl_loss  Instances       Size
                   all       1392       2579       0.67       0.56      0.623      0.471

      Epoch    GPU_mem   box_loss   cls_loss   dfl_loss  Instances       Size
                   all       1392       2579       0.67      0.561      0.623      0.471

      Epoch    GPU_mem   box_loss   cls_loss   dfl_loss  Instances       Size
                   all       1392       2579      0.673      0.558      0.622       0.47

      Epoch    GPU_mem   box_loss   cls_loss   dfl_loss  Instances       Size
                   all       1392       2579      0.675      0.558      0.623      0.471

      Epoch    GPU_mem   box_loss   cls_loss   dfl_loss  Instances       Size
                   all       1392       2579      0.675      0.558      0.622       0.47

      Epoch    GPU_mem   box_loss   cls_loss   dfl_loss  Instances       Size
                   all       1392       2579      0.675      0.558      0.622      0.471

      Epoch    GPU_mem   box_loss   cls_loss   dfl_loss  Instances       Size
                   all       1392       2579      0.673      0.559      0.623      0.471

      Epoch    GPU_mem   box_loss   cls_loss   dfl_loss  Instances       Size
                   all       1392       2579      0.674       0.56      0.624      0.471

      Epoch    GPU_mem   box_loss   cls_loss   dfl_loss  Instances       Size
                   all       1392       2579       0.67      0.562      0.624      0.471

      Epoch    GPU_mem   box_loss   cls_loss   dfl_loss  Instances       Size
                   all       1392       2579      0.671      0.563      0.623      0.471

      Epoch    GPU_mem   box_loss   cls_loss   dfl_loss  Instances       Size
                   all       1392       2579      0.671      0.563      0.624      0.471

      Epoch    GPU_mem   box_loss   cls_loss   dfl_loss  Instances       Size
                   all       1392       2579      0.668      0.565      0.624      0.471

      Epoch    GPU_mem   box_loss   cls_loss   dfl_loss  Instances       Size
                   all       1392       2579      0.661       0.57      0.624      0.471

      Epoch    GPU_mem   box_loss   cls_loss   dfl_loss  Instances       Size
                   all       1392       2579      0.664      0.567      0.624      0.471

      Epoch    GPU_mem   box_loss   cls_loss   dfl_loss  Instances       Size
                   all       1392       2579      0.667      0.566      0.624      0.471

      Epoch    GPU_mem   box_loss   cls_loss   dfl_loss  Instances       Size
                   all       1392       2579      0.666      0.566      0.625      0.472

      Epoch    GPU_mem   box_loss   cls_loss   dfl_loss  Instances       Size
                   all       1392       2579      0.666      0.566      0.624      0.472

      Epoch    GPU_mem   box_loss   cls_loss   dfl_loss  Instances       Size
                   all       1392       2579      0.667      0.566      0.624      0.472

      Epoch    GPU_mem   box_loss   cls_loss   dfl_loss  Instances       Size
                   all       1392       2579      0.667      0.566      0.624      0.472

      Epoch    GPU_mem   box_loss   cls_loss   dfl_loss  Instances       Size
                   all       1392       2579      0.669      0.566      0.624      0.472

      Epoch    GPU_mem   box_loss   cls_loss   dfl_loss  Instances       Size
                   all       1392       2579       0.67      0.566      0.624      0.472

      Epoch    GPU_mem   box_loss   cls_loss   dfl_loss  Instances       Size
                   all       1392       2579      0.671      0.568      0.625      0.472

      Epoch    GPU_mem   box_loss   cls_loss   dfl_loss  Instances       Size
                   all       1392       2579      0.673      0.568      0.625      0.472

      Epoch    GPU_mem   box_loss   cls_loss   dfl_loss  Instances       Size
                   all       1392       2579      0.674      0.567      0.626      0.472

      Epoch    GPU_mem   box_loss   cls_loss   dfl_loss  Instances       Size
                   all       1392       2579      0.674      0.565      0.626      0.472

      Epoch    GPU_mem   box_loss   cls_loss   dfl_loss  Instances       Size
                   all       1392       2579      0.677      0.564      0.626      0.472

      Epoch    GPU_mem   box_loss   cls_loss   dfl_loss  Instances       Size
                   all       1392       2579      0.677      0.564      0.626      0.472

      Epoch    GPU_mem   box_loss   cls_loss   dfl_loss  Instances       Size
                   all       1392       2579      0.673      0.564      0.626      0.472

      Epoch    GPU_mem   box_loss   cls_loss   dfl_loss  Instances       Size
                   all       1392       2579      0.677      0.563      0.626      0.472

      Epoch    GPU_mem   box_loss   cls_loss   dfl_loss  Instances       Size
                   all       1392       2579      0.674      0.564      0.626      0.472

      Epoch    GPU_mem   box_loss   cls_loss   dfl_loss  Instances       Size
                   all       1392       2579      0.675      0.564      0.627      0.472

      Epoch    GPU_mem   box_loss   cls_loss   dfl_loss  Instances       Size
                   all       1392       2579      0.675      0.564      0.626      0.472

      Epoch    GPU_mem   box_loss   cls_loss   dfl_loss  Instances       Size
                   all       1392       2579      0.676      0.564      0.626      0.472

      Epoch    GPU_mem   box_loss   cls_loss   dfl_loss  Instances       Size
                   all       1392       2579      0.676      0.563      0.626      0.472

      Epoch    GPU_mem   box_loss   cls_loss   dfl_loss  Instances       Size
                   all       1392       2579      0.676      0.562      0.626      0.472

      Epoch    GPU_mem   box_loss   cls_loss   dfl_loss  Instances       Size
                   all       1392       2579      0.678      0.562      0.626      0.472

      Epoch    GPU_mem   box_loss   cls_loss   dfl_loss  Instances       Size
                   all       1392       2579      0.679      0.561      0.626      0.472

      Epoch    GPU_mem   box_loss   cls_loss   dfl_loss  Instances       Size
                   all       1392       2579      0.678       0.56      0.627      0.472

      Epoch    GPU_mem   box_loss   cls_loss   dfl_loss  Instances       Size
                   all       1392       2579      0.678       0.56      0.627      0.472

      Epoch    GPU_mem   box_loss   cls_loss   dfl_loss  Instances       Size
                   all       1392       2579      0.679       0.56      0.627      0.472

      Epoch    GPU_mem   box_loss   cls_loss   dfl_loss  Instances       Size
                   all       1392       2579      0.678       0.56      0.626      0.472

      Epoch    GPU_mem   box_loss   cls_loss   dfl_loss  Instances       Size
                   all       1392       2579      0.678       0.56      0.627      0.472

      Epoch    GPU_mem   box_loss   cls_loss   dfl_loss  Instances       Size
                   all       1392       2579      0.678      0.561      0.627      0.472

      Epoch    GPU_mem   box_loss   cls_loss   dfl_loss  Instances       Size
                   all       1392       2579      0.679       0.56      0.627      0.473

      Epoch    GPU_mem   box_loss   cls_loss   dfl_loss  Instances       Size
                   all       1392       2579      0.679      0.562      0.627      0.473

      Epoch    GPU_mem   box_loss   cls_loss   dfl_loss  Instances       Size
                   all       1392       2579      0.677      0.563      0.628      0.473

      Epoch    GPU_mem   box_loss   cls_loss   dfl_loss  Instances       Size
                   all       1392       2579      0.681      0.561      0.628      0.473

      Epoch    GPU_mem   box_loss   cls_loss   dfl_loss  Instances       Size
                   all       1392       2579      0.679      0.562      0.628      0.474

      Epoch    GPU_mem   box_loss   cls_loss   dfl_loss  Instances       Size
                   all       1392       2579      0.675      0.565      0.628      0.474

      Epoch    GPU_mem   box_loss   cls_loss   dfl_loss  Instances       Size
                   all       1392       2579      0.675      0.565      0.628      0.474

      Epoch    GPU_mem   box_loss   cls_loss   dfl_loss  Instances       Size
                   all       1392       2579      0.677      0.565      0.629      0.474

      Epoch    GPU_mem   box_loss   cls_loss   dfl_loss  Instances       Size
                   all       1392       2579      0.676      0.566      0.629      0.474
Closing dataloader mosaic

      Epoch    GPU_mem   box_loss   cls_loss   dfl_loss  Instances       Size
                   all       1392       2579      0.679      0.562      0.629      0.474

      Epoch    GPU_mem   box_loss   cls_loss   dfl_loss  Instances       Size
                   all       1392       2579      0.676      0.566      0.629      0.474

      Epoch    GPU_mem   box_loss   cls_loss   dfl_loss  Instances       Size
                   all       1392       2579      0.685       0.56       0.63      0.474

      Epoch    GPU_mem   box_loss   cls_loss   dfl_loss  Instances       Size
                   all       1392       2579      0.683      0.559       0.63      0.475

      Epoch    GPU_mem   box_loss   cls_loss   dfl_loss  Instances       Size
                   all       1392       2579      0.682       0.56       0.63      0.475

      Epoch    GPU_mem   box_loss   cls_loss   dfl_loss  Instances       Size
                   all       1392       2579      0.683       0.56       0.63      0.475

      Epoch    GPU_mem   box_loss   cls_loss   dfl_loss  Instances       Size
                   all       1392       2579      0.687      0.556      0.631      0.476

      Epoch    GPU_mem   box_loss   cls_loss   dfl_loss  Instances       Size
                   all       1392       2579      0.687      0.557       0.63      0.476

      Epoch    GPU_mem   box_loss   cls_loss   dfl_loss  Instances       Size
                   all       1392       2579       0.68      0.563      0.631      0.476

      Epoch    GPU_mem   box_loss   cls_loss   dfl_loss  Instances       Size
                   all       1392       2579      0.683      0.562      0.631      0.476

      Epoch    GPU_mem   box_loss   cls_loss   dfl_loss  Instances       Size
                   all       1392       2579       0.68      0.562      0.631      0.476

      Epoch    GPU_mem   box_loss   cls_loss   dfl_loss  Instances       Size
                   all       1392       2579      0.678      0.563      0.631      0.476

      Epoch    GPU_mem   box_loss   cls_loss   dfl_loss  Instances       Size
                   all       1392       2579      0.678      0.565      0.631      0.477

      Epoch    GPU_mem   box_loss   cls_loss   dfl_loss  Instances       Size
                   all       1392       2579      0.677      0.566      0.631      0.477

      Epoch    GPU_mem   box_loss   cls_loss   dfl_loss  Instances       Size
                   all       1392       2579      0.679      0.564      0.631      0.476

      Epoch    GPU_mem   box_loss   cls_loss   dfl_loss  Instances       Size
                   all       1392       2579      0.679      0.564      0.632      0.477

      Epoch    GPU_mem   box_loss   cls_loss   dfl_loss  Instances       Size
                   all       1392       2579      0.676      0.568      0.632      0.476

      Epoch    GPU_mem   box_loss   cls_loss   dfl_loss  Instances       Size
                   all       1392       2579      0.671       0.57      0.632      0.477

      Epoch    GPU_mem   box_loss   cls_loss   dfl_loss  Instances       Size
                   all       1392       2579      0.672       0.57      0.632      0.477

      Epoch    GPU_mem   box_loss   cls_loss   dfl_loss  Instances       Size
                   all       1392       2579      0.672      0.569      0.632      0.478

      Epoch    GPU_mem   box_loss   cls_loss   dfl_loss  Instances       Size
                   all       1392       2579      0.675      0.568      0.632      0.478

      Epoch    GPU_mem   box_loss   cls_loss   dfl_loss  Instances       Size
                   all       1392       2579      0.675      0.567      0.632      0.478

      Epoch    GPU_mem   box_loss   cls_loss   dfl_loss  Instances       Size
                   all       1392       2579      0.671      0.568      0.632      0.478

      Epoch    GPU_mem   box_loss   cls_loss   dfl_loss  Instances       Size
                   all       1392       2579      0.685      0.564      0.632      0.479

      Epoch    GPU_mem   box_loss   cls_loss   dfl_loss  Instances       Size
                   all       1392       2579      0.679      0.566      0.633      0.479

      Epoch    GPU_mem   box_loss   cls_loss   dfl_loss  Instances       Size
                   all       1392       2579      0.683      0.566      0.633      0.479

      Epoch    GPU_mem   box_loss   cls_loss   dfl_loss  Instances       Size
                   all       1392       2579      0.682      0.566      0.633      0.479

      Epoch    GPU_mem   box_loss   cls_loss   dfl_loss  Instances       Size
                   all       1392       2579       0.68      0.568      0.634      0.479

      Epoch    GPU_mem   box_loss   cls_loss   dfl_loss  Instances       Size
                   all       1392       2579      0.678       0.57      0.634       0.48

      Epoch    GPU_mem   box_loss   cls_loss   dfl_loss  Instances       Size
                   all       1392       2579      0.676      0.573      0.634       0.48

      Epoch    GPU_mem   box_loss   cls_loss   dfl_loss  Instances       Size
                   all       1392       2579      0.676      0.573      0.634       0.48

      Epoch    GPU_mem   box_loss   cls_loss   dfl_loss  Instances       Size
                   all       1392       2579      0.671      0.578      0.634       0.48

      Epoch    GPU_mem   box_loss   cls_loss   dfl_loss  Instances       Size
                   all       1392       2579      0.672      0.577      0.634       0.48

      Epoch    GPU_mem   box_loss   cls_loss   dfl_loss  Instances       Size
                   all       1392       2579      0.676      0.576      0.634      0.481

      Epoch    GPU_mem   box_loss   cls_loss   dfl_loss  Instances       Size
                   all       1392       2579      0.675      0.574      0.634      0.481

      Epoch    GPU_mem   box_loss   cls_loss   dfl_loss  Instances       Size
                   all       1392       2579      0.672      0.579      0.635      0.481

      Epoch    GPU_mem   box_loss   cls_loss   dfl_loss  Instances       Size
                   all       1392       2579      0.671       0.58      0.635      0.481

      Epoch    GPU_mem   box_loss   cls_loss   dfl_loss  Instances       Size
                   all       1392       2579      0.675      0.576      0.635       0.48

      Epoch    GPU_mem   box_loss   cls_loss   dfl_loss  Instances       Size
                   all       1392       2579      0.674      0.575      0.635      0.481

      Epoch    GPU_mem   box_loss   cls_loss   dfl_loss  Instances       Size
                   all       1392       2579      0.672      0.576      0.635      0.481

      Epoch    GPU_mem   box_loss   cls_loss   dfl_loss  Instances       Size
                   all       1392       2579      0.673      0.575      0.635      0.481

      Epoch    GPU_mem   box_loss   cls_loss   dfl_loss  Instances       Size
                   all       1392       2579      0.674      0.574      0.635      0.481

      Epoch    GPU_mem   box_loss   cls_loss   dfl_loss  Instances       Size
                   all       1392       2579      0.673      0.575      0.635       0.48

      Epoch    GPU_mem   box_loss   cls_loss   dfl_loss  Instances       Size
                   all       1392       2579       0.68       0.57      0.635      0.481

      Epoch    GPU_mem   box_loss   cls_loss   dfl_loss  Instances       Size
                   all       1392       2579      0.674      0.574      0.635      0.481

      Epoch    GPU_mem   box_loss   cls_loss   dfl_loss  Instances       Size
                   all       1392       2579      0.671      0.578      0.635      0.482

      Epoch    GPU_mem   box_loss   cls_loss   dfl_loss  Instances       Size
                   all       1392       2579      0.672      0.579      0.635      0.482

      Epoch    GPU_mem   box_loss   cls_loss   dfl_loss  Instances       Size
                   all       1392       2579      0.677      0.574      0.635      0.482

      Epoch    GPU_mem   box_loss   cls_loss   dfl_loss  Instances       Size
                   all       1392       2579      0.677      0.574      0.635      0.482

      Epoch    GPU_mem   box_loss   cls_loss   dfl_loss  Instances       Size
                   all       1392       2579      0.675      0.575      0.635      0.482

300 epochs completed in 3.042 hours.
Optimizer stripped from runs/detect/2024-08-29-11:12/step_1_finetune/weights/last.pt, 5.1MB
Optimizer stripped from runs/detect/2024-08-29-11:12/step_1_finetune/weights/best.pt, 5.1MB

Validating runs/detect/2024-08-29-11:12/step_1_finetune/weights/best.pt...
Ultralytics YOLOv8.2.64 🚀 Python-3.9.19 torch-2.3.1+cu121 CUDA:0 (NVIDIA GeForce RTX 3070, 7966MiB)
Model summary (fused): 185 layers, 1,195,341 parameters, 0 gradients, 3.7 GFLOPs
                   all       1392       2579      0.704      0.589      0.658      0.514
        Not Recyclable        182        261      0.777      0.697      0.771      0.585
            Food waste        155        340      0.804      0.566      0.686      0.472
                 Glass        145        186      0.654      0.569      0.627       0.51
               Textile        164        192      0.712       0.74      0.781      0.635
                 Metal        229        302      0.603      0.394      0.474      0.347
                Wooden        148        189      0.654       0.55      0.609      0.459
               Leather        140        151      0.665      0.702      0.751      0.655
               Plastic        289        417      0.647      0.504      0.572      0.447
               Ceramic        140        381      0.743      0.606      0.693      0.545
                 Paper        134        160      0.783      0.562      0.619      0.488
Speed: 0.1ms preprocess, 2.9ms inference, 0.0ms loss, 0.3ms postprocess per image
Results saved to [1mruns/detect/2024-08-29-11:12/step_1_finetune[0m
Ultralytics YOLOv8.2.64 🚀 Python-3.9.19 torch-2.3.1+cu121 CUDA:0 (NVIDIA GeForce RTX 3070, 7966MiB)
Model summary (fused): 185 layers, 1,195,341 parameters, 0 gradients, 3.7 GFLOPs
[34m[1mval: [0mWARNING ⚠️ /home/alex/Desktop/ultralytics/datasets/trash_detection_split/images/val/20210000051.jpg: corrupt JPEG restored and saved
[34m[1mval: [0mWARNING ⚠️ /home/alex/Desktop/ultralytics/datasets/trash_detection_split/images/val/20210000061.jpg: corrupt JPEG restored and saved
                   all       1392       2579      0.692      0.593      0.655      0.513
        Not Recyclable        182        261      0.764      0.705      0.762      0.584
            Food waste        155        340      0.815      0.584      0.698      0.472
                 Glass        145        186      0.695      0.565      0.622      0.496
               Textile        164        192      0.677      0.708      0.777      0.637
                 Metal        229        302      0.542      0.404      0.464      0.348
                Wooden        148        189      0.681      0.556      0.621      0.472
               Leather        140        151      0.636      0.715      0.755      0.649
               Plastic        289        417      0.613      0.528      0.567      0.451
               Ceramic        140        381       0.75      0.625      0.679      0.537
                 Paper        134        160      0.751      0.544       0.61      0.488
Speed: 0.2ms preprocess, 8.7ms inference, 0.0ms loss, 0.4ms postprocess per image
Results saved to [1mruns/detect/2024-08-29-11:12/step_1_post_val[0m
After fine tuning mAP=0.5134853883249288
Ultralytics YOLOv8.2.64 🚀 Python-3.9.19 torch-2.3.1+cu121 CPU (12th Gen Intel Core(TM) i9-12900K)
Model summary (fused): 185 layers, 1,195,341 parameters, 0 gradients, 3.7 GFLOPs

[34m[1mPyTorch:[0m starting from 'runs/detect/2024-08-29-11:12/step_1_finetune/weights/best.pt' with input shape (1, 3, 640, 640) BCHW and output shape(s) (1, 14, 8400) (4.8 MB)

[34m[1mONNX:[0m starting export with onnx 1.16.1 opset 17...
[34m[1mONNX:[0m export success ✅ 0.2s, saved as 'runs/detect/2024-08-29-11:12/step_1_finetune/weights/best.onnx' (4.8 MB)

Export complete (1.6s)
Results saved to [1m/home/alex/Desktop/ultralytics/runs/detect/2024-08-29-11:12/step_1_finetune/weights[0m
Predict:         yolo predict task=detect model=runs/detect/2024-08-29-11:12/step_1_finetune/weights/best.onnx imgsz=640  
Validate:        yolo val task=detect model=runs/detect/2024-08-29-11:12/step_1_finetune/weights/best.onnx imgsz=640 data=my-datasets/trash-detect.yaml  
Visualize:       https://netron.app
Final model saved at: runs/detect/2024-08-29-11:12/step_1_finetune/weights/best.onnx
--- Total runtime: 3:04:12.405635 (hours:min:sec) ---
