Over-writing config file parameters with provided cli arguments...
Ultralytics YOLOv8.2.64 🚀 Python-3.9.19 torch-2.3.1+cu121 CUDA:0 (NVIDIA GeForce RTX 3070, 7966MiB)
Model summary (fused): 185 layers, 3,007,598 parameters, 14,446 gradients, 8.1 GFLOPs
[34m[1mval: [0mWARNING ⚠️ /home/alex/Desktop/ultralytics/datasets/trash_detection_split/images/val/20210000051.jpg: corrupt JPEG restored and saved
[34m[1mval: [0mWARNING ⚠️ /home/alex/Desktop/ultralytics/datasets/trash_detection_split/images/val/20210000061.jpg: corrupt JPEG restored and saved
                   all       1392       2579      0.804      0.705      0.787      0.661
        Not Recyclable        182        261      0.878      0.772      0.863      0.702
            Food waste        155        340      0.889      0.731      0.845      0.659
                 Glass        145        186      0.738      0.694      0.757      0.672
               Textile        164        192      0.864      0.826      0.883      0.805
                 Metal        229        302      0.694      0.626      0.698      0.564
                Wooden        148        189       0.79      0.667      0.779      0.623
               Leather        140        151      0.909      0.794      0.862      0.769
               Plastic        289        417      0.716      0.594      0.696      0.595
               Ceramic        140        381       0.81      0.707      0.788      0.643
                 Paper        134        160      0.749      0.635      0.701      0.581
Speed: 0.2ms preprocess, 7.2ms inference, 0.0ms loss, 0.5ms postprocess per image
Results saved to [1mruns/detect/2024-08-28-20:16/baseline_val[0m
Before Pruning: MACs= 4.07545 G, #Params= 3.01280 M, mAP= 0.66136
PRUNE RATIO: 0.8
SMOOTH STEPS: 125
Started pruning for iter 1
Progressive Prunning. Current prune rate: 0.0255589654533759 	 - current compression: 1.0262293607794006
Progressive Prunning. Current prune rate: 0.04051781765654385 	 - current compression: 1.0422288380150868
Progressive Prunning. Current prune rate: 0.05015636627480501 	 - current compression: 1.0528048665000749
Progressive Prunning. Current prune rate: 0.0665627101451873 	 - current compression: 1.0713092468756422
Progressive Prunning. Current prune rate: 0.07606484072280982 	 - current compression: 1.0823270334060202
Progressive Prunning. Current prune rate: 0.09059618334850196 	 - current compression: 1.0996215121265762
Progressive Prunning. Current prune rate: 0.09996255972023349 	 - current compression: 1.1110648904662914
Progressive Prunning. Current prune rate: 0.1162099151685576 	 - current compression: 1.1314904038448466
Progressive Prunning. Current prune rate: 0.1254398734996505 	 - current compression: 1.1434319604777916
Progressive Prunning. Current prune rate: 0.1395437065478668 	 - current compression: 1.1621740785787273
Progressive Prunning. Current prune rate: 0.1486379106730687 	 - current compression: 1.1745883596843953
Progressive Prunning. Current prune rate: 0.1640810303246351 	 - current compression: 1.1962882005038804
Progressive Prunning. Current prune rate: 0.17303881640919835 	 - current compression: 1.2092466004968156
Progressive Prunning. Current prune rate: 0.18671513987993885 	 - current compression: 1.229581477580162
Progressive Prunning. Current prune rate: 0.1955371717586111 	 - current compression: 1.2430655151414127
Progressive Prunning. Current prune rate: 0.21080006027619508 	 - current compression: 1.2671060268326535
Progressive Prunning. Current prune rate: 0.2194856741142287 	 - current compression: 1.28120646455162
Progressive Prunning. Current prune rate: 0.23273448800749336 	 - current compression: 1.30332979179933
Progressive Prunning. Current prune rate: 0.241284347639636 	 - current compression: 1.3180168313240943
Progressive Prunning. Current prune rate: 0.25576424307238654 	 - current compression: 1.3436602456837652
Progressive Prunning. Current prune rate: 0.2654422898581319 	 - current compression: 1.3613634248109192
Progressive Prunning. Current prune rate: 0.2782549643222015 	 - current compression: 1.3855308323123958
Progressive Prunning. Current prune rate: 0.2865246856908429 	 - current compression: 1.4015901881178308
Progressive Prunning. Current prune rate: 0.3007944774259675 	 - current compression: 1.4301946533812153
Progressive Prunning. Current prune rate: 0.3089277807539702 	 - current compression: 1.4470267681878677
Progressive Prunning. Current prune rate: 0.321312945640564 	 - current compression: 1.4734331435625043
Progressive Prunning. Current prune rate: 0.32931049476267577 	 - current compression: 1.49100290401316
Progressive Prunning. Current prune rate: 0.3428185361248912 	 - current compression: 1.5216497344636621
Progressive Prunning. Current prune rate: 0.35067966720636434 	 - current compression: 1.540071902103543
Progressive Prunning. Current prune rate: 0.3626373225154823 	 - current compression: 1.5689654184752466
Progressive Prunning. Current prune rate: 0.37036269939106436 	 - current compression: 1.5882159443744497
Progressive Prunning. Current prune rate: 0.38364802419544886 	 - current compression: 1.622449573061977
Progressive Prunning. Current prune rate: 0.39123698303039234 	 - current compression: 1.6426753467678619
Progressive Prunning. Current prune rate: 0.4027671287620345 	 - current compression: 1.6743887487759415
Progressive Prunning. Current prune rate: 0.41022033339108693 	 - current compression: 1.6955484507456018
Progressive Prunning. Current prune rate: 0.42276515053448654 	 - current compression: 1.7323971359767052
Progressive Prunning. Current prune rate: 0.4300819371229004 	 - current compression: 1.7546381929916928
Progressive Prunning. Current prune rate: 0.4411845732770667 	 - current compression: 1.7894996311471028
Progressive Prunning. Current prune rate: 0.44836560565958955 	 - current compression: 1.8127948696812144
Progressive Prunning. Current prune rate: 0.46066646353323387 	 - current compression: 1.8541402163698386
Progressive Prunning. Current prune rate: 0.46771107787511806 	 - current compression: 1.8786789625604625
Progressive Prunning. Current prune rate: 0.48421301394915955 	 - current compression: 1.9387848608910643
Progressive Prunning. Current prune rate: 0.4958032367254625 	 - current compression: 1.9833526766523397
Progressive Prunning. Current prune rate: 0.5025836448377886 	 - current compression: 2.0103882584920076
Progressive Prunning. Current prune rate: 0.5128398916887226 	 - current compression: 2.0527132311109444
Progressive Prunning. Current prune rate: 0.5194845455951578 	 - current compression: 2.0810985179208896
Progressive Prunning. Current prune rate: 0.5308095663897812 	 - current compression: 2.1313307526443572
Progressive Prunning. Current prune rate: 0.5373178022555777 	 - current compression: 2.161310733101477
Progressive Prunning. Current prune rate: 0.5471465395290358 	 - current compression: 2.208219848778471
Progressive Prunning. Current prune rate: 0.5535190211889414 	 - current compression: 2.2397370715834657
Progressive Prunning. Current prune rate: 0.5641460197464284 	 - current compression: 2.2943463758624367
Progressive Prunning. Current prune rate: 0.5703820833656953 	 - current compression: 2.3276496656241887
Progressive Prunning. Current prune rate: 0.5797833110616776 	 - current compression: 2.3797246190447603
Progressive Prunning. Current prune rate: 0.5858836204750534 	 - current compression: 2.4147801184467745
Progressive Prunning. Current prune rate: 0.5962241743389367 	 - current compression: 2.4766217699209614
Progressive Prunning. Current prune rate: 0.602188065711674 	 - current compression: 2.513750628896971
Progressive Prunning. Current prune rate: 0.6111617838301805 	 - current compression: 2.571763675521195
Progressive Prunning. Current prune rate: 0.6169899209970267 	 - current compression: 2.610897349237217
Progressive Prunning. Current prune rate: 0.6266536953356979 	 - current compression: 2.6784783658141724
Progressive Prunning. Current prune rate: 0.6323454144619055 	 - current compression: 2.719944315494972
Progressive Prunning. Current prune rate: 0.6408916230029361 	 - current compression: 2.7846746666346247
Progressive Prunning. Current prune rate: 0.6464475879232527 	 - current compression: 2.828434952900068
Progressive Prunning. Current prune rate: 0.6567111369564106 	 - current compression: 2.9129986657126836
Progressive Prunning. Current prune rate: 0.662122717819117 	 - current compression: 2.9596544447893622
Progressive Prunning. Current prune rate: 0.6702327869309526 	 - current compression: 3.0324421603145173
Progressive Prunning. Current prune rate: 0.6755086135877679 	 - current compression: 3.0817459010440587
Progressive Prunning. Current prune rate: 0.6842005338559041 	 - current compression: 3.1665664676700582
Progressive Prunning. Current prune rate: 0.6893399424720807 	 - current compression: 3.2189526003359132
Progressive Prunning. Current prune rate: 0.6970225020064406 	 - current compression: 3.300575147073323
Progressive Prunning. Current prune rate: 0.7020261564167263 	 - current compression: 3.3559992648164547
Progressive Prunning. Current prune rate: 0.7103891465674101 	 - current compression: 3.452909268239013
Progressive Prunning. Current prune rate: 0.7152563829370572 	 - current compression: 3.5119312254116277
Progressive Prunning. Current prune rate: 0.7225114328939412 	 - current compression: 3.603752076811835
Progressive Prunning. Current prune rate: 0.7272429150576972 	 - current compression: 3.666265901806119
Progressive Prunning. Current prune rate: 0.7349716111070175 	 - current compression: 3.773180692743811
Progressive Prunning. Current prune rate: 0.7395666752301349 	 - current compression: 3.8397543819849536
Progressive Prunning. Current prune rate: 0.746394215609543 	 - current compression: 3.943127726378584
Progressive Prunning. Current prune rate: 0.7508535255267694 	 - current compression: 4.0137031925267905
Progressive Prunning. Current prune rate: 0.7582320487467132 	 - current compression: 4.136197518389672
Progressive Prunning. Current prune rate: 0.762554940623301 	 - current compression: 4.211500557750211
Progressive Prunning. Current prune rate: 0.7689549714252333 	 - current compression: 4.328160645431925
Progressive Prunning. Current prune rate: 0.7731421090959301 	 - current compression: 4.408045918150867
Progressive Prunning. Current prune rate: 0.7799075809264345 	 - current compression: 4.543545862275937
Progressive Prunning. Current prune rate: 0.7892059142365336 	 - current compression: 4.743966114505259
Progressive Prunning. Current prune rate: 0.7931288456776724 	 - current compression: 4.833926717699327
Progressive Prunning. Current prune rate: 0.7995315318185952 	 - current compression: 4.988315664162683
Progressive Prunning. Current prune rate: 0.8033180452190953 	 - current compression: 5.08435052475433
Ultralytics YOLOv8.2.64 🚀 Python-3.9.19 torch-2.3.1+cu121 CUDA:0 (NVIDIA GeForce RTX 3070, 7966MiB)
Model summary (fused): 185 layers, 590,485 parameters, 14,446 gradients, 2.3 GFLOPs
[34m[1mval: [0mWARNING ⚠️ /home/alex/Desktop/ultralytics/datasets/trash_detection_split/images/val/20210000051.jpg: corrupt JPEG restored and saved
[34m[1mval: [0mWARNING ⚠️ /home/alex/Desktop/ultralytics/datasets/trash_detection_split/images/val/20210000061.jpg: corrupt JPEG restored and saved
                   all       1392       2579   0.000812     0.0182   0.000461   0.000111
        Not Recyclable        182        261          0          0          0          0
            Food waste        155        340          0          0          0          0
                 Glass        145        186          0          0          0          0
               Textile        164        192          0          0          0          0
                 Metal        229        302   0.000431    0.00993    0.00024   5.59e-05
                Wooden        148        189          0          0          0          0
               Leather        140        151          0          0          0          0
               Plastic        289        417    0.00445      0.149    0.00271   0.000616
               Ceramic        140        381    0.00323     0.0236    0.00166   0.000441
                 Paper        134        160          0          0          0          0
Speed: 0.2ms preprocess, 6.8ms inference, 0.0ms loss, 0.3ms postprocess per image
Results saved to [1mruns/detect/2024-08-28-20:16/step_1_pre_val[0m
After pruning iter 2: MACs=1.1392992 G, #Params=0.592563 M, mAP=0.00011128807861665206, speed up=3.5771555005041695
New https://pypi.org/project/ultralytics/8.2.82 available 😃 Update with 'pip install -U ultralytics'
Ultralytics YOLOv8.2.64 🚀 Python-3.9.19 torch-2.3.1+cu121 CUDA:0 (NVIDIA GeForce RTX 3070, 7966MiB)
[34m[1mengine/trainer: [0mtask=detect, mode=train, model=my-models/trash_yolov8n_pretrained.pt, data=my_datasets/trash-detect.yaml, epochs=300, time=None, patience=150, batch=16, imgsz=640, save=True, save_period=-1, cache=False, device=None, workers=8, project=runs/detect/2024-08-28-20:16, name=step_1_finetune, exist_ok=False, pretrained=True, optimizer=Adam, verbose=True, seed=0, deterministic=True, single_cls=False, rect=False, cos_lr=False, close_mosaic=50, resume=False, amp=True, fraction=1.0, profile=False, freeze=None, multi_scale=True, overlap_mask=True, mask_ratio=4, dropout=0.0, val=True, split=val, save_json=False, save_hybrid=False, conf=None, iou=0.5, max_det=300, half=False, dnn=False, plots=True, source=None, vid_stride=1, stream_buffer=False, visualize=False, augment=True, agnostic_nms=False, classes=None, retina_masks=False, embed=None, show=False, save_frames=False, save_txt=False, save_conf=False, save_crop=False, show_labels=True, show_conf=True, show_boxes=True, line_width=None, format=torchscript, keras=False, optimize=False, int8=False, dynamic=False, simplify=False, opset=None, workspace=2, nms=False, lr0=0.0001, lrf=0.1, momentum=0.937, weight_decay=0.0005, warmup_epochs=3.0, warmup_momentum=0.8, warmup_bias_lr=0.1, box=7.5, cls=0.5, dfl=1.5, pose=12.0, kobj=1.0, label_smoothing=0.0, nbs=64, hsv_h=0.015, hsv_s=0.7, hsv_v=0.4, degrees=0.0, translate=0.1, scale=0.5, shear=0.0, perspective=0.0, flipud=0.0, fliplr=0.5, bgr=0.0, mosaic=1.0, mixup=0.0, copy_paste=0.0, auto_augment=randaugment, erasing=0.4, crop_fraction=1.0, cfg=None, tracker=botsort.yaml, save_dir=runs/detect/2024-08-28-20:16/step_1_finetune
Freezing layer 'model.22.dfl.conv.weight'
[34m[1mAMP: [0mrunning Automatic Mixed Precision (AMP) checks with YOLOv8n...
[34m[1mAMP: [0mchecks passed ✅
[34m[1mtrain: [0mWARNING ⚠️ /home/alex/Desktop/ultralytics/datasets/trash_detection_split/images/train/20210000025.jpg: corrupt JPEG restored and saved
[34m[1mtrain: [0mWARNING ⚠️ /home/alex/Desktop/ultralytics/datasets/trash_detection_split/images/train/20210000027.jpg: corrupt JPEG restored and saved
[34m[1mtrain: [0mWARNING ⚠️ /home/alex/Desktop/ultralytics/datasets/trash_detection_split/images/train/20210000031.jpg: corrupt JPEG restored and saved
[34m[1mtrain: [0mWARNING ⚠️ /home/alex/Desktop/ultralytics/datasets/trash_detection_split/images/train/20210000039.jpg: corrupt JPEG restored and saved
[34m[1mtrain: [0mWARNING ⚠️ /home/alex/Desktop/ultralytics/datasets/trash_detection_split/images/train/20210000041.jpg: corrupt JPEG restored and saved
[34m[1mtrain: [0mWARNING ⚠️ /home/alex/Desktop/ultralytics/datasets/trash_detection_split/images/train/20210000053.jpg: corrupt JPEG restored and saved
[34m[1mtrain: [0mWARNING ⚠️ /home/alex/Desktop/ultralytics/datasets/trash_detection_split/images/train/20210000056.jpg: corrupt JPEG restored and saved
[34m[1mtrain: [0mWARNING ⚠️ /home/alex/Desktop/ultralytics/datasets/trash_detection_split/images/train/20210000062.jpg: corrupt JPEG restored and saved
[34m[1mtrain: [0mWARNING ⚠️ /home/alex/Desktop/ultralytics/datasets/trash_detection_split/images/train/20210000064.jpg: corrupt JPEG restored and saved
[34m[1mtrain: [0mWARNING ⚠️ /home/alex/Desktop/ultralytics/datasets/trash_detection_split/images/train/20210000068.jpg: corrupt JPEG restored and saved
[34m[1mval: [0mWARNING ⚠️ /home/alex/Desktop/ultralytics/datasets/trash_detection_split/images/val/20210000051.jpg: corrupt JPEG restored and saved
[34m[1mval: [0mWARNING ⚠️ /home/alex/Desktop/ultralytics/datasets/trash_detection_split/images/val/20210000061.jpg: corrupt JPEG restored and saved
Plotting labels to runs/detect/2024-08-28-20:16/step_1_finetune/labels.jpg... 
[34m[1moptimizer:[0m Adam(lr=0.0001, momentum=0.937) with parameter groups 65 weight(decay=0.0), 72 weight(decay=0.0005), 71 bias(decay=0.0)
Image sizes 640 train, 640 val
Using 8 dataloader workers
Logging results to [1mruns/detect/2024-08-28-20:16/step_1_finetune[0m
Starting training for 300 epochs...

      Epoch    GPU_mem   box_loss   cls_loss   dfl_loss  Instances       Size
                   all       1392       2579    0.00534      0.592     0.0118    0.00353

      Epoch    GPU_mem   box_loss   cls_loss   dfl_loss  Instances       Size
                   all       1392       2579     0.0542     0.0709     0.0267    0.00876

      Epoch    GPU_mem   box_loss   cls_loss   dfl_loss  Instances       Size
                   all       1392       2579      0.238     0.0869     0.0523     0.0189

      Epoch    GPU_mem   box_loss   cls_loss   dfl_loss  Instances       Size
                   all       1392       2579      0.152      0.167     0.0724     0.0282

      Epoch    GPU_mem   box_loss   cls_loss   dfl_loss  Instances       Size
                   all       1392       2579      0.164      0.162     0.0851     0.0367

      Epoch    GPU_mem   box_loss   cls_loss   dfl_loss  Instances       Size
                   all       1392       2579      0.155      0.202     0.0951     0.0434

      Epoch    GPU_mem   box_loss   cls_loss   dfl_loss  Instances       Size
                   all       1392       2579      0.171      0.212     0.0984     0.0478

      Epoch    GPU_mem   box_loss   cls_loss   dfl_loss  Instances       Size
                   all       1392       2579      0.188       0.24       0.11     0.0563

      Epoch    GPU_mem   box_loss   cls_loss   dfl_loss  Instances       Size
                   all       1392       2579      0.191      0.252      0.119     0.0614

      Epoch    GPU_mem   box_loss   cls_loss   dfl_loss  Instances       Size
                   all       1392       2579      0.207      0.268      0.135     0.0713

      Epoch    GPU_mem   box_loss   cls_loss   dfl_loss  Instances       Size
                   all       1392       2579      0.203      0.254      0.138     0.0704

      Epoch    GPU_mem   box_loss   cls_loss   dfl_loss  Instances       Size
                   all       1392       2579      0.241      0.255      0.159     0.0838

      Epoch    GPU_mem   box_loss   cls_loss   dfl_loss  Instances       Size
                   all       1392       2579      0.219      0.243      0.157      0.084

      Epoch    GPU_mem   box_loss   cls_loss   dfl_loss  Instances       Size
                   all       1392       2579      0.235      0.299       0.17     0.0955

      Epoch    GPU_mem   box_loss   cls_loss   dfl_loss  Instances       Size
                   all       1392       2579      0.243      0.261      0.172     0.0925

      Epoch    GPU_mem   box_loss   cls_loss   dfl_loss  Instances       Size
                   all       1392       2579      0.237      0.295      0.173     0.0955

      Epoch    GPU_mem   box_loss   cls_loss   dfl_loss  Instances       Size
                   all       1392       2579      0.233      0.292      0.165     0.0906

      Epoch    GPU_mem   box_loss   cls_loss   dfl_loss  Instances       Size
                   all       1392       2579      0.255      0.262      0.183      0.105

      Epoch    GPU_mem   box_loss   cls_loss   dfl_loss  Instances       Size
                   all       1392       2579      0.254      0.273      0.195      0.112

      Epoch    GPU_mem   box_loss   cls_loss   dfl_loss  Instances       Size
                   all       1392       2579      0.249      0.269       0.19      0.107

      Epoch    GPU_mem   box_loss   cls_loss   dfl_loss  Instances       Size
                   all       1392       2579      0.253      0.294      0.191      0.107

      Epoch    GPU_mem   box_loss   cls_loss   dfl_loss  Instances       Size
                   all       1392       2579      0.277      0.288      0.219      0.124

      Epoch    GPU_mem   box_loss   cls_loss   dfl_loss  Instances       Size
                   all       1392       2579      0.261      0.302      0.205      0.114

      Epoch    GPU_mem   box_loss   cls_loss   dfl_loss  Instances       Size
                   all       1392       2579      0.274      0.285      0.208      0.119

      Epoch    GPU_mem   box_loss   cls_loss   dfl_loss  Instances       Size
                   all       1392       2579       0.29      0.313      0.225      0.129

      Epoch    GPU_mem   box_loss   cls_loss   dfl_loss  Instances       Size
                   all       1392       2579      0.273      0.305      0.225      0.132

      Epoch    GPU_mem   box_loss   cls_loss   dfl_loss  Instances       Size
                   all       1392       2579      0.285      0.295      0.218      0.122

      Epoch    GPU_mem   box_loss   cls_loss   dfl_loss  Instances       Size
                   all       1392       2579      0.311      0.306      0.237      0.137

      Epoch    GPU_mem   box_loss   cls_loss   dfl_loss  Instances       Size
                   all       1392       2579      0.305      0.287      0.232      0.137

      Epoch    GPU_mem   box_loss   cls_loss   dfl_loss  Instances       Size
                   all       1392       2579      0.309      0.285      0.237      0.141

      Epoch    GPU_mem   box_loss   cls_loss   dfl_loss  Instances       Size
                   all       1392       2579      0.301      0.308      0.252      0.148

      Epoch    GPU_mem   box_loss   cls_loss   dfl_loss  Instances       Size
                   all       1392       2579       0.31      0.304      0.243      0.144

      Epoch    GPU_mem   box_loss   cls_loss   dfl_loss  Instances       Size
                   all       1392       2579      0.316      0.306       0.25      0.151

      Epoch    GPU_mem   box_loss   cls_loss   dfl_loss  Instances       Size
                   all       1392       2579       0.33      0.323      0.257      0.153

      Epoch    GPU_mem   box_loss   cls_loss   dfl_loss  Instances       Size
                   all       1392       2579      0.313       0.32      0.252      0.152

      Epoch    GPU_mem   box_loss   cls_loss   dfl_loss  Instances       Size
                   all       1392       2579      0.321      0.311      0.257      0.153

      Epoch    GPU_mem   box_loss   cls_loss   dfl_loss  Instances       Size
                   all       1392       2579      0.332      0.324      0.272      0.158

      Epoch    GPU_mem   box_loss   cls_loss   dfl_loss  Instances       Size
                   all       1392       2579      0.303      0.319      0.251      0.152

      Epoch    GPU_mem   box_loss   cls_loss   dfl_loss  Instances       Size
                   all       1392       2579      0.331      0.313      0.257      0.154

      Epoch    GPU_mem   box_loss   cls_loss   dfl_loss  Instances       Size
                   all       1392       2579      0.332      0.315      0.271      0.165

      Epoch    GPU_mem   box_loss   cls_loss   dfl_loss  Instances       Size
                   all       1392       2579      0.325      0.301      0.266      0.165

      Epoch    GPU_mem   box_loss   cls_loss   dfl_loss  Instances       Size
                   all       1392       2579      0.348      0.335       0.27      0.157

      Epoch    GPU_mem   box_loss   cls_loss   dfl_loss  Instances       Size
                   all       1392       2579      0.345      0.323      0.274       0.17

      Epoch    GPU_mem   box_loss   cls_loss   dfl_loss  Instances       Size
                   all       1392       2579      0.354      0.315      0.277      0.173

      Epoch    GPU_mem   box_loss   cls_loss   dfl_loss  Instances       Size
                   all       1392       2579      0.344      0.333      0.282      0.177

      Epoch    GPU_mem   box_loss   cls_loss   dfl_loss  Instances       Size
                   all       1392       2579      0.357      0.332       0.28      0.172

      Epoch    GPU_mem   box_loss   cls_loss   dfl_loss  Instances       Size
                   all       1392       2579      0.365      0.339       0.29      0.178

      Epoch    GPU_mem   box_loss   cls_loss   dfl_loss  Instances       Size
                   all       1392       2579      0.372      0.332      0.287      0.177

      Epoch    GPU_mem   box_loss   cls_loss   dfl_loss  Instances       Size
                   all       1392       2579       0.37      0.335      0.291      0.177

      Epoch    GPU_mem   box_loss   cls_loss   dfl_loss  Instances       Size
                   all       1392       2579       0.35      0.338      0.287      0.178

      Epoch    GPU_mem   box_loss   cls_loss   dfl_loss  Instances       Size
                   all       1392       2579      0.326      0.349      0.281      0.176

      Epoch    GPU_mem   box_loss   cls_loss   dfl_loss  Instances       Size
                   all       1392       2579      0.368      0.349      0.302      0.189

      Epoch    GPU_mem   box_loss   cls_loss   dfl_loss  Instances       Size
                   all       1392       2579      0.386      0.347      0.303      0.185

      Epoch    GPU_mem   box_loss   cls_loss   dfl_loss  Instances       Size
                   all       1392       2579      0.377      0.357      0.309      0.194

      Epoch    GPU_mem   box_loss   cls_loss   dfl_loss  Instances       Size
                   all       1392       2579      0.384      0.356      0.305      0.191

      Epoch    GPU_mem   box_loss   cls_loss   dfl_loss  Instances       Size
                   all       1392       2579      0.387      0.354      0.309      0.192

      Epoch    GPU_mem   box_loss   cls_loss   dfl_loss  Instances       Size
                   all       1392       2579      0.385      0.355      0.313      0.194

      Epoch    GPU_mem   box_loss   cls_loss   dfl_loss  Instances       Size
                   all       1392       2579      0.388      0.363      0.317      0.197

      Epoch    GPU_mem   box_loss   cls_loss   dfl_loss  Instances       Size
                   all       1392       2579      0.398      0.345      0.315      0.197

      Epoch    GPU_mem   box_loss   cls_loss   dfl_loss  Instances       Size
                   all       1392       2579      0.409      0.364      0.327      0.206

      Epoch    GPU_mem   box_loss   cls_loss   dfl_loss  Instances       Size
                   all       1392       2579        0.4      0.359      0.326      0.206

      Epoch    GPU_mem   box_loss   cls_loss   dfl_loss  Instances       Size
                   all       1392       2579       0.41      0.354      0.322      0.205

      Epoch    GPU_mem   box_loss   cls_loss   dfl_loss  Instances       Size
                   all       1392       2579      0.405      0.358      0.328      0.209

      Epoch    GPU_mem   box_loss   cls_loss   dfl_loss  Instances       Size
                   all       1392       2579      0.413      0.363      0.336      0.213

      Epoch    GPU_mem   box_loss   cls_loss   dfl_loss  Instances       Size
                   all       1392       2579      0.404      0.369      0.332      0.209

      Epoch    GPU_mem   box_loss   cls_loss   dfl_loss  Instances       Size
                   all       1392       2579       0.44      0.358      0.341      0.213

      Epoch    GPU_mem   box_loss   cls_loss   dfl_loss  Instances       Size
                   all       1392       2579      0.416      0.367      0.339      0.214

      Epoch    GPU_mem   box_loss   cls_loss   dfl_loss  Instances       Size
                   all       1392       2579      0.421      0.358      0.334      0.213

      Epoch    GPU_mem   box_loss   cls_loss   dfl_loss  Instances       Size
                   all       1392       2579      0.425      0.365      0.337      0.216

      Epoch    GPU_mem   box_loss   cls_loss   dfl_loss  Instances       Size
                   all       1392       2579      0.397      0.364      0.333      0.214

      Epoch    GPU_mem   box_loss   cls_loss   dfl_loss  Instances       Size
                   all       1392       2579      0.414      0.367      0.343      0.219

      Epoch    GPU_mem   box_loss   cls_loss   dfl_loss  Instances       Size
                   all       1392       2579      0.421      0.369      0.343      0.217

      Epoch    GPU_mem   box_loss   cls_loss   dfl_loss  Instances       Size
                   all       1392       2579      0.419      0.368      0.346      0.221

      Epoch    GPU_mem   box_loss   cls_loss   dfl_loss  Instances       Size
                   all       1392       2579      0.422      0.372      0.347      0.222

      Epoch    GPU_mem   box_loss   cls_loss   dfl_loss  Instances       Size
                   all       1392       2579      0.416      0.383      0.346      0.222

      Epoch    GPU_mem   box_loss   cls_loss   dfl_loss  Instances       Size
                   all       1392       2579       0.43      0.373      0.353      0.226

      Epoch    GPU_mem   box_loss   cls_loss   dfl_loss  Instances       Size
                   all       1392       2579      0.444      0.364      0.352      0.224

      Epoch    GPU_mem   box_loss   cls_loss   dfl_loss  Instances       Size
                   all       1392       2579       0.43      0.384      0.358       0.23

      Epoch    GPU_mem   box_loss   cls_loss   dfl_loss  Instances       Size
                   all       1392       2579      0.433      0.381      0.355      0.229

      Epoch    GPU_mem   box_loss   cls_loss   dfl_loss  Instances       Size
                   all       1392       2579      0.441      0.374      0.363      0.235

      Epoch    GPU_mem   box_loss   cls_loss   dfl_loss  Instances       Size
                   all       1392       2579      0.428      0.385       0.36      0.235

      Epoch    GPU_mem   box_loss   cls_loss   dfl_loss  Instances       Size
                   all       1392       2579      0.433      0.385      0.363      0.234

      Epoch    GPU_mem   box_loss   cls_loss   dfl_loss  Instances       Size
                   all       1392       2579      0.444      0.379      0.367      0.239

      Epoch    GPU_mem   box_loss   cls_loss   dfl_loss  Instances       Size
                   all       1392       2579      0.436      0.385      0.367      0.238

      Epoch    GPU_mem   box_loss   cls_loss   dfl_loss  Instances       Size
                   all       1392       2579       0.45      0.383      0.366      0.238

      Epoch    GPU_mem   box_loss   cls_loss   dfl_loss  Instances       Size
                   all       1392       2579      0.443      0.383      0.366       0.24

      Epoch    GPU_mem   box_loss   cls_loss   dfl_loss  Instances       Size
                   all       1392       2579      0.468       0.38      0.374      0.243

      Epoch    GPU_mem   box_loss   cls_loss   dfl_loss  Instances       Size
                   all       1392       2579      0.441      0.385      0.372      0.243

      Epoch    GPU_mem   box_loss   cls_loss   dfl_loss  Instances       Size
                   all       1392       2579      0.451      0.389      0.376      0.246

      Epoch    GPU_mem   box_loss   cls_loss   dfl_loss  Instances       Size
                   all       1392       2579      0.445      0.388      0.374      0.246

      Epoch    GPU_mem   box_loss   cls_loss   dfl_loss  Instances       Size
                   all       1392       2579       0.45      0.393       0.38      0.248

      Epoch    GPU_mem   box_loss   cls_loss   dfl_loss  Instances       Size
                   all       1392       2579      0.433      0.397      0.376      0.245

      Epoch    GPU_mem   box_loss   cls_loss   dfl_loss  Instances       Size
                   all       1392       2579      0.442        0.4      0.376      0.245

      Epoch    GPU_mem   box_loss   cls_loss   dfl_loss  Instances       Size
                   all       1392       2579      0.449      0.392      0.378      0.247

      Epoch    GPU_mem   box_loss   cls_loss   dfl_loss  Instances       Size
                   all       1392       2579      0.454      0.388      0.378      0.248

      Epoch    GPU_mem   box_loss   cls_loss   dfl_loss  Instances       Size
                   all       1392       2579      0.446      0.396      0.379      0.248

      Epoch    GPU_mem   box_loss   cls_loss   dfl_loss  Instances       Size
                   all       1392       2579      0.454       0.39       0.38      0.249

      Epoch    GPU_mem   box_loss   cls_loss   dfl_loss  Instances       Size
                   all       1392       2579      0.453      0.394       0.38       0.25

      Epoch    GPU_mem   box_loss   cls_loss   dfl_loss  Instances       Size
                   all       1392       2579      0.451      0.395      0.381      0.251

      Epoch    GPU_mem   box_loss   cls_loss   dfl_loss  Instances       Size
                   all       1392       2579      0.449      0.394      0.382      0.251

      Epoch    GPU_mem   box_loss   cls_loss   dfl_loss  Instances       Size
                   all       1392       2579      0.451      0.392      0.384      0.253

      Epoch    GPU_mem   box_loss   cls_loss   dfl_loss  Instances       Size
                   all       1392       2579      0.463      0.391      0.384      0.254

      Epoch    GPU_mem   box_loss   cls_loss   dfl_loss  Instances       Size
                   all       1392       2579      0.462      0.392      0.383      0.254

      Epoch    GPU_mem   box_loss   cls_loss   dfl_loss  Instances       Size
                   all       1392       2579       0.46       0.39      0.384      0.255

      Epoch    GPU_mem   box_loss   cls_loss   dfl_loss  Instances       Size
                   all       1392       2579      0.472      0.392       0.39      0.258

      Epoch    GPU_mem   box_loss   cls_loss   dfl_loss  Instances       Size
                   all       1392       2579      0.464      0.394      0.391      0.259

      Epoch    GPU_mem   box_loss   cls_loss   dfl_loss  Instances       Size
                   all       1392       2579      0.472      0.397      0.391      0.258

      Epoch    GPU_mem   box_loss   cls_loss   dfl_loss  Instances       Size
                   all       1392       2579      0.469      0.391      0.392       0.26

      Epoch    GPU_mem   box_loss   cls_loss   dfl_loss  Instances       Size
                   all       1392       2579      0.464      0.396      0.391      0.259

      Epoch    GPU_mem   box_loss   cls_loss   dfl_loss  Instances       Size
                   all       1392       2579      0.481       0.39      0.391      0.259

      Epoch    GPU_mem   box_loss   cls_loss   dfl_loss  Instances       Size
                   all       1392       2579      0.481      0.392      0.392       0.26

      Epoch    GPU_mem   box_loss   cls_loss   dfl_loss  Instances       Size
                   all       1392       2579       0.48      0.393      0.393      0.261

      Epoch    GPU_mem   box_loss   cls_loss   dfl_loss  Instances       Size
                   all       1392       2579      0.478      0.394      0.393      0.262

      Epoch    GPU_mem   box_loss   cls_loss   dfl_loss  Instances       Size
                   all       1392       2579      0.479      0.396      0.393      0.263

      Epoch    GPU_mem   box_loss   cls_loss   dfl_loss  Instances       Size
                   all       1392       2579      0.482      0.398      0.394      0.263

      Epoch    GPU_mem   box_loss   cls_loss   dfl_loss  Instances       Size
                   all       1392       2579      0.482      0.397      0.392      0.262

      Epoch    GPU_mem   box_loss   cls_loss   dfl_loss  Instances       Size
                   all       1392       2579      0.485      0.397      0.393      0.262

      Epoch    GPU_mem   box_loss   cls_loss   dfl_loss  Instances       Size
                   all       1392       2579      0.479      0.399      0.394      0.263

      Epoch    GPU_mem   box_loss   cls_loss   dfl_loss  Instances       Size
                   all       1392       2579      0.482      0.399      0.395      0.265

      Epoch    GPU_mem   box_loss   cls_loss   dfl_loss  Instances       Size
                   all       1392       2579      0.485      0.398      0.399      0.265

      Epoch    GPU_mem   box_loss   cls_loss   dfl_loss  Instances       Size
                   all       1392       2579      0.484      0.401        0.4      0.266

      Epoch    GPU_mem   box_loss   cls_loss   dfl_loss  Instances       Size
                   all       1392       2579       0.48        0.4        0.4      0.267

      Epoch    GPU_mem   box_loss   cls_loss   dfl_loss  Instances       Size
                   all       1392       2579      0.483      0.402        0.4      0.268

      Epoch    GPU_mem   box_loss   cls_loss   dfl_loss  Instances       Size
                   all       1392       2579      0.483      0.404      0.403      0.269

      Epoch    GPU_mem   box_loss   cls_loss   dfl_loss  Instances       Size
                   all       1392       2579      0.483      0.403      0.404      0.269

      Epoch    GPU_mem   box_loss   cls_loss   dfl_loss  Instances       Size
                   all       1392       2579      0.484      0.405      0.404      0.269

      Epoch    GPU_mem   box_loss   cls_loss   dfl_loss  Instances       Size
                   all       1392       2579      0.485      0.405      0.405      0.269

      Epoch    GPU_mem   box_loss   cls_loss   dfl_loss  Instances       Size
                   all       1392       2579       0.49      0.399      0.406       0.27

      Epoch    GPU_mem   box_loss   cls_loss   dfl_loss  Instances       Size
                   all       1392       2579      0.495      0.397      0.407       0.27

      Epoch    GPU_mem   box_loss   cls_loss   dfl_loss  Instances       Size
                   all       1392       2579      0.489        0.4      0.407      0.271

      Epoch    GPU_mem   box_loss   cls_loss   dfl_loss  Instances       Size
                   all       1392       2579      0.486      0.402      0.408      0.272

      Epoch    GPU_mem   box_loss   cls_loss   dfl_loss  Instances       Size
                   all       1392       2579      0.491      0.403      0.409      0.273

      Epoch    GPU_mem   box_loss   cls_loss   dfl_loss  Instances       Size
                   all       1392       2579      0.493      0.402      0.409      0.273

      Epoch    GPU_mem   box_loss   cls_loss   dfl_loss  Instances       Size
                   all       1392       2579      0.493      0.402       0.41      0.274

      Epoch    GPU_mem   box_loss   cls_loss   dfl_loss  Instances       Size
                   all       1392       2579      0.499      0.397      0.411      0.274

      Epoch    GPU_mem   box_loss   cls_loss   dfl_loss  Instances       Size
                   all       1392       2579      0.504      0.399      0.412      0.275

      Epoch    GPU_mem   box_loss   cls_loss   dfl_loss  Instances       Size
                   all       1392       2579      0.497      0.402      0.412      0.275

      Epoch    GPU_mem   box_loss   cls_loss   dfl_loss  Instances       Size
                   all       1392       2579      0.493      0.404      0.412      0.276

      Epoch    GPU_mem   box_loss   cls_loss   dfl_loss  Instances       Size
                   all       1392       2579      0.491      0.407      0.413      0.276

      Epoch    GPU_mem   box_loss   cls_loss   dfl_loss  Instances       Size
                   all       1392       2579      0.491      0.405      0.413      0.276

      Epoch    GPU_mem   box_loss   cls_loss   dfl_loss  Instances       Size
                   all       1392       2579      0.508      0.396      0.413      0.275

      Epoch    GPU_mem   box_loss   cls_loss   dfl_loss  Instances       Size
                   all       1392       2579      0.511      0.393      0.413      0.275

      Epoch    GPU_mem   box_loss   cls_loss   dfl_loss  Instances       Size
                   all       1392       2579      0.507      0.393      0.413      0.276

      Epoch    GPU_mem   box_loss   cls_loss   dfl_loss  Instances       Size
                   all       1392       2579      0.492      0.409      0.412      0.277

      Epoch    GPU_mem   box_loss   cls_loss   dfl_loss  Instances       Size
                   all       1392       2579      0.493       0.41      0.414      0.277

      Epoch    GPU_mem   box_loss   cls_loss   dfl_loss  Instances       Size
                   all       1392       2579      0.507      0.394      0.414      0.277

      Epoch    GPU_mem   box_loss   cls_loss   dfl_loss  Instances       Size
                   all       1392       2579      0.502      0.405      0.414      0.277

      Epoch    GPU_mem   box_loss   cls_loss   dfl_loss  Instances       Size
                   all       1392       2579      0.501      0.403      0.414      0.278

      Epoch    GPU_mem   box_loss   cls_loss   dfl_loss  Instances       Size
                   all       1392       2579      0.504      0.401      0.414      0.278

      Epoch    GPU_mem   box_loss   cls_loss   dfl_loss  Instances       Size
                   all       1392       2579      0.509      0.397      0.414      0.278

      Epoch    GPU_mem   box_loss   cls_loss   dfl_loss  Instances       Size
                   all       1392       2579      0.498      0.408      0.415      0.279

      Epoch    GPU_mem   box_loss   cls_loss   dfl_loss  Instances       Size
                   all       1392       2579      0.502      0.407      0.415      0.279

      Epoch    GPU_mem   box_loss   cls_loss   dfl_loss  Instances       Size
                   all       1392       2579      0.499      0.407      0.415      0.279

      Epoch    GPU_mem   box_loss   cls_loss   dfl_loss  Instances       Size
                   all       1392       2579      0.501      0.408      0.415      0.279

      Epoch    GPU_mem   box_loss   cls_loss   dfl_loss  Instances       Size
                   all       1392       2579      0.501      0.405      0.415       0.28

      Epoch    GPU_mem   box_loss   cls_loss   dfl_loss  Instances       Size
                   all       1392       2579        0.5      0.403      0.415       0.28

      Epoch    GPU_mem   box_loss   cls_loss   dfl_loss  Instances       Size
                   all       1392       2579      0.498       0.41      0.416       0.28

      Epoch    GPU_mem   box_loss   cls_loss   dfl_loss  Instances       Size
                   all       1392       2579      0.495      0.413      0.416       0.28

      Epoch    GPU_mem   box_loss   cls_loss   dfl_loss  Instances       Size
                   all       1392       2579      0.493      0.412      0.415       0.28

      Epoch    GPU_mem   box_loss   cls_loss   dfl_loss  Instances       Size
                   all       1392       2579      0.492      0.412      0.416      0.281

      Epoch    GPU_mem   box_loss   cls_loss   dfl_loss  Instances       Size
                   all       1392       2579       0.49      0.416      0.416      0.281

      Epoch    GPU_mem   box_loss   cls_loss   dfl_loss  Instances       Size
                   all       1392       2579      0.489      0.417      0.417      0.281

      Epoch    GPU_mem   box_loss   cls_loss   dfl_loss  Instances       Size
                   all       1392       2579      0.494      0.412      0.417      0.282

      Epoch    GPU_mem   box_loss   cls_loss   dfl_loss  Instances       Size
                   all       1392       2579      0.495      0.413      0.418      0.282

      Epoch    GPU_mem   box_loss   cls_loss   dfl_loss  Instances       Size
                   all       1392       2579      0.493      0.414      0.419      0.283

      Epoch    GPU_mem   box_loss   cls_loss   dfl_loss  Instances       Size
                   all       1392       2579      0.489      0.416      0.418      0.283

      Epoch    GPU_mem   box_loss   cls_loss   dfl_loss  Instances       Size
                   all       1392       2579      0.491      0.414      0.418      0.283

      Epoch    GPU_mem   box_loss   cls_loss   dfl_loss  Instances       Size
                   all       1392       2579      0.489      0.416      0.419      0.283

      Epoch    GPU_mem   box_loss   cls_loss   dfl_loss  Instances       Size
                   all       1392       2579      0.493      0.417      0.419      0.283

      Epoch    GPU_mem   box_loss   cls_loss   dfl_loss  Instances       Size
                   all       1392       2579      0.491      0.421      0.418      0.283

      Epoch    GPU_mem   box_loss   cls_loss   dfl_loss  Instances       Size
                   all       1392       2579      0.492      0.417      0.418      0.284

      Epoch    GPU_mem   box_loss   cls_loss   dfl_loss  Instances       Size
                   all       1392       2579      0.489       0.42      0.418      0.283

      Epoch    GPU_mem   box_loss   cls_loss   dfl_loss  Instances       Size
                   all       1392       2579      0.489      0.422      0.419      0.284

      Epoch    GPU_mem   box_loss   cls_loss   dfl_loss  Instances       Size
                   all       1392       2579      0.487      0.422      0.419      0.284

      Epoch    GPU_mem   box_loss   cls_loss   dfl_loss  Instances       Size
                   all       1392       2579      0.488      0.421      0.419      0.284

      Epoch    GPU_mem   box_loss   cls_loss   dfl_loss  Instances       Size
                   all       1392       2579      0.489      0.421      0.419      0.284

      Epoch    GPU_mem   box_loss   cls_loss   dfl_loss  Instances       Size
                   all       1392       2579      0.497      0.417      0.419      0.284

      Epoch    GPU_mem   box_loss   cls_loss   dfl_loss  Instances       Size
                   all       1392       2579      0.502      0.412      0.419      0.284

      Epoch    GPU_mem   box_loss   cls_loss   dfl_loss  Instances       Size
                   all       1392       2579      0.501      0.411      0.418      0.283

      Epoch    GPU_mem   box_loss   cls_loss   dfl_loss  Instances       Size
                   all       1392       2579      0.499      0.413      0.419      0.284

      Epoch    GPU_mem   box_loss   cls_loss   dfl_loss  Instances       Size
                   all       1392       2579      0.498      0.414      0.419      0.284

      Epoch    GPU_mem   box_loss   cls_loss   dfl_loss  Instances       Size
                   all       1392       2579      0.495      0.412      0.418      0.283

      Epoch    GPU_mem   box_loss   cls_loss   dfl_loss  Instances       Size
                   all       1392       2579      0.493      0.415      0.418      0.283

      Epoch    GPU_mem   box_loss   cls_loss   dfl_loss  Instances       Size
                   all       1392       2579      0.498       0.41      0.419      0.284

      Epoch    GPU_mem   box_loss   cls_loss   dfl_loss  Instances       Size
                   all       1392       2579      0.493      0.413      0.419      0.283

      Epoch    GPU_mem   box_loss   cls_loss   dfl_loss  Instances       Size
                   all       1392       2579      0.497      0.412      0.419      0.283

      Epoch    GPU_mem   box_loss   cls_loss   dfl_loss  Instances       Size
                   all       1392       2579      0.497      0.411      0.419      0.283

      Epoch    GPU_mem   box_loss   cls_loss   dfl_loss  Instances       Size
                   all       1392       2579      0.493      0.415       0.42      0.284

      Epoch    GPU_mem   box_loss   cls_loss   dfl_loss  Instances       Size
                   all       1392       2579      0.491      0.416      0.419      0.284

      Epoch    GPU_mem   box_loss   cls_loss   dfl_loss  Instances       Size
                   all       1392       2579       0.49      0.417      0.419      0.283

      Epoch    GPU_mem   box_loss   cls_loss   dfl_loss  Instances       Size
                   all       1392       2579      0.491      0.417      0.418      0.283

      Epoch    GPU_mem   box_loss   cls_loss   dfl_loss  Instances       Size
                   all       1392       2579      0.489      0.416      0.419      0.283

      Epoch    GPU_mem   box_loss   cls_loss   dfl_loss  Instances       Size
                   all       1392       2579      0.488      0.417      0.418      0.283

      Epoch    GPU_mem   box_loss   cls_loss   dfl_loss  Instances       Size
                   all       1392       2579      0.491      0.416      0.418      0.283

      Epoch    GPU_mem   box_loss   cls_loss   dfl_loss  Instances       Size
                   all       1392       2579      0.485      0.421      0.418      0.282

      Epoch    GPU_mem   box_loss   cls_loss   dfl_loss  Instances       Size
                   all       1392       2579      0.482      0.422      0.418      0.282

      Epoch    GPU_mem   box_loss   cls_loss   dfl_loss  Instances       Size
                   all       1392       2579      0.481      0.423      0.418      0.282

      Epoch    GPU_mem   box_loss   cls_loss   dfl_loss  Instances       Size
                   all       1392       2579      0.482      0.422      0.417      0.282

      Epoch    GPU_mem   box_loss   cls_loss   dfl_loss  Instances       Size
                   all       1392       2579      0.481       0.42      0.417      0.282

      Epoch    GPU_mem   box_loss   cls_loss   dfl_loss  Instances       Size
                   all       1392       2579      0.478      0.421      0.418      0.283

      Epoch    GPU_mem   box_loss   cls_loss   dfl_loss  Instances       Size
                   all       1392       2579      0.474      0.422      0.417      0.283

      Epoch    GPU_mem   box_loss   cls_loss   dfl_loss  Instances       Size
                   all       1392       2579      0.478      0.421      0.417      0.283

      Epoch    GPU_mem   box_loss   cls_loss   dfl_loss  Instances       Size
                   all       1392       2579      0.484       0.42      0.417      0.283

      Epoch    GPU_mem   box_loss   cls_loss   dfl_loss  Instances       Size
                   all       1392       2579      0.474      0.424      0.417      0.282

      Epoch    GPU_mem   box_loss   cls_loss   dfl_loss  Instances       Size
                   all       1392       2579      0.478      0.424      0.417      0.283

      Epoch    GPU_mem   box_loss   cls_loss   dfl_loss  Instances       Size
                   all       1392       2579      0.479      0.424      0.418      0.283

      Epoch    GPU_mem   box_loss   cls_loss   dfl_loss  Instances       Size
                   all       1392       2579      0.485      0.418      0.418      0.283

      Epoch    GPU_mem   box_loss   cls_loss   dfl_loss  Instances       Size
                   all       1392       2579      0.485       0.42      0.418      0.283

      Epoch    GPU_mem   box_loss   cls_loss   dfl_loss  Instances       Size
                   all       1392       2579      0.484      0.423      0.418      0.284

      Epoch    GPU_mem   box_loss   cls_loss   dfl_loss  Instances       Size
                   all       1392       2579      0.484      0.422      0.418      0.284

      Epoch    GPU_mem   box_loss   cls_loss   dfl_loss  Instances       Size
                   all       1392       2579      0.485      0.422      0.419      0.284

      Epoch    GPU_mem   box_loss   cls_loss   dfl_loss  Instances       Size
                   all       1392       2579      0.485      0.425      0.419      0.285

      Epoch    GPU_mem   box_loss   cls_loss   dfl_loss  Instances       Size
                   all       1392       2579      0.486      0.424      0.419      0.284

      Epoch    GPU_mem   box_loss   cls_loss   dfl_loss  Instances       Size
                   all       1392       2579      0.487      0.423      0.419      0.284

      Epoch    GPU_mem   box_loss   cls_loss   dfl_loss  Instances       Size
                   all       1392       2579      0.487      0.424      0.419      0.285

      Epoch    GPU_mem   box_loss   cls_loss   dfl_loss  Instances       Size
                   all       1392       2579      0.487      0.422      0.418      0.284

      Epoch    GPU_mem   box_loss   cls_loss   dfl_loss  Instances       Size
                   all       1392       2579      0.489      0.422      0.418      0.284

      Epoch    GPU_mem   box_loss   cls_loss   dfl_loss  Instances       Size
                   all       1392       2579       0.49       0.42      0.417      0.284

      Epoch    GPU_mem   box_loss   cls_loss   dfl_loss  Instances       Size
                   all       1392       2579      0.489      0.421      0.417      0.284

      Epoch    GPU_mem   box_loss   cls_loss   dfl_loss  Instances       Size
                   all       1392       2579      0.489      0.422      0.417      0.284

      Epoch    GPU_mem   box_loss   cls_loss   dfl_loss  Instances       Size
                   all       1392       2579      0.488      0.422      0.417      0.284

      Epoch    GPU_mem   box_loss   cls_loss   dfl_loss  Instances       Size
                   all       1392       2579      0.489      0.422      0.418      0.284

      Epoch    GPU_mem   box_loss   cls_loss   dfl_loss  Instances       Size
                   all       1392       2579       0.49      0.421      0.418      0.284

      Epoch    GPU_mem   box_loss   cls_loss   dfl_loss  Instances       Size
                   all       1392       2579      0.489      0.423      0.418      0.284

      Epoch    GPU_mem   box_loss   cls_loss   dfl_loss  Instances       Size
                   all       1392       2579      0.489      0.425      0.419      0.284

      Epoch    GPU_mem   box_loss   cls_loss   dfl_loss  Instances       Size
                   all       1392       2579      0.488      0.424      0.419      0.284

      Epoch    GPU_mem   box_loss   cls_loss   dfl_loss  Instances       Size
                   all       1392       2579      0.489      0.427      0.419      0.285

      Epoch    GPU_mem   box_loss   cls_loss   dfl_loss  Instances       Size
                   all       1392       2579      0.493      0.425      0.419      0.285

      Epoch    GPU_mem   box_loss   cls_loss   dfl_loss  Instances       Size
                   all       1392       2579      0.491      0.424      0.419      0.285

      Epoch    GPU_mem   box_loss   cls_loss   dfl_loss  Instances       Size
                   all       1392       2579      0.491      0.424      0.418      0.285

      Epoch    GPU_mem   box_loss   cls_loss   dfl_loss  Instances       Size
                   all       1392       2579       0.49      0.427      0.418      0.284

      Epoch    GPU_mem   box_loss   cls_loss   dfl_loss  Instances       Size
                   all       1392       2579      0.488      0.426      0.418      0.284

      Epoch    GPU_mem   box_loss   cls_loss   dfl_loss  Instances       Size
                   all       1392       2579      0.489      0.424      0.418      0.284

      Epoch    GPU_mem   box_loss   cls_loss   dfl_loss  Instances       Size
                   all       1392       2579      0.488      0.425      0.418      0.284

      Epoch    GPU_mem   box_loss   cls_loss   dfl_loss  Instances       Size
                   all       1392       2579      0.487      0.428      0.418      0.284

      Epoch    GPU_mem   box_loss   cls_loss   dfl_loss  Instances       Size
                   all       1392       2579      0.484      0.429      0.418      0.284

      Epoch    GPU_mem   box_loss   cls_loss   dfl_loss  Instances       Size
                   all       1392       2579      0.486      0.429      0.418      0.284

      Epoch    GPU_mem   box_loss   cls_loss   dfl_loss  Instances       Size
                   all       1392       2579      0.486      0.427      0.418      0.284

      Epoch    GPU_mem   box_loss   cls_loss   dfl_loss  Instances       Size
                   all       1392       2579      0.486      0.428      0.418      0.284

      Epoch    GPU_mem   box_loss   cls_loss   dfl_loss  Instances       Size
                   all       1392       2579      0.486      0.425      0.418      0.284

      Epoch    GPU_mem   box_loss   cls_loss   dfl_loss  Instances       Size
                   all       1392       2579      0.486      0.425      0.417      0.283

      Epoch    GPU_mem   box_loss   cls_loss   dfl_loss  Instances       Size
                   all       1392       2579      0.484      0.426      0.417      0.283

      Epoch    GPU_mem   box_loss   cls_loss   dfl_loss  Instances       Size
                   all       1392       2579      0.483      0.425      0.417      0.282

      Epoch    GPU_mem   box_loss   cls_loss   dfl_loss  Instances       Size
                   all       1392       2579      0.482      0.423      0.416      0.282

      Epoch    GPU_mem   box_loss   cls_loss   dfl_loss  Instances       Size
                   all       1392       2579      0.481      0.422      0.415      0.281

      Epoch    GPU_mem   box_loss   cls_loss   dfl_loss  Instances       Size
                   all       1392       2579      0.479      0.422      0.415      0.281

      Epoch    GPU_mem   box_loss   cls_loss   dfl_loss  Instances       Size
                   all       1392       2579      0.476      0.425      0.414       0.28

      Epoch    GPU_mem   box_loss   cls_loss   dfl_loss  Instances       Size
                   all       1392       2579      0.473      0.428      0.415       0.28

      Epoch    GPU_mem   box_loss   cls_loss   dfl_loss  Instances       Size
                   all       1392       2579      0.474      0.428      0.414       0.28

      Epoch    GPU_mem   box_loss   cls_loss   dfl_loss  Instances       Size
                   all       1392       2579      0.476      0.426      0.413      0.279
Closing dataloader mosaic

      Epoch    GPU_mem   box_loss   cls_loss   dfl_loss  Instances       Size
                   all       1392       2579      0.476      0.425      0.413      0.279

      Epoch    GPU_mem   box_loss   cls_loss   dfl_loss  Instances       Size
                   all       1392       2579      0.472      0.428      0.413      0.279

      Epoch    GPU_mem   box_loss   cls_loss   dfl_loss  Instances       Size
                   all       1392       2579      0.472      0.426      0.412      0.278

      Epoch    GPU_mem   box_loss   cls_loss   dfl_loss  Instances       Size
                   all       1392       2579       0.47      0.429      0.413      0.279

      Epoch    GPU_mem   box_loss   cls_loss   dfl_loss  Instances       Size
                   all       1392       2579       0.47      0.428      0.412      0.278

      Epoch    GPU_mem   box_loss   cls_loss   dfl_loss  Instances       Size
                   all       1392       2579      0.469      0.429      0.412      0.278

      Epoch    GPU_mem   box_loss   cls_loss   dfl_loss  Instances       Size
                   all       1392       2579      0.467       0.43      0.411      0.277

      Epoch    GPU_mem   box_loss   cls_loss   dfl_loss  Instances       Size
                   all       1392       2579      0.469      0.429      0.411      0.277

      Epoch    GPU_mem   box_loss   cls_loss   dfl_loss  Instances       Size
                   all       1392       2579      0.474      0.427      0.411      0.277

      Epoch    GPU_mem   box_loss   cls_loss   dfl_loss  Instances       Size
                   all       1392       2579      0.474      0.425       0.41      0.277

      Epoch    GPU_mem   box_loss   cls_loss   dfl_loss  Instances       Size
                   all       1392       2579      0.475      0.425       0.41      0.276

      Epoch    GPU_mem   box_loss   cls_loss   dfl_loss  Instances       Size
                   all       1392       2579      0.471      0.427       0.41      0.276

      Epoch    GPU_mem   box_loss   cls_loss   dfl_loss  Instances       Size
                   all       1392       2579       0.47      0.429      0.409      0.275

      Epoch    GPU_mem   box_loss   cls_loss   dfl_loss  Instances       Size
                   all       1392       2579      0.468       0.43      0.409      0.275

      Epoch    GPU_mem   box_loss   cls_loss   dfl_loss  Instances       Size
                   all       1392       2579       0.47       0.43      0.407      0.274

      Epoch    GPU_mem   box_loss   cls_loss   dfl_loss  Instances       Size
                   all       1392       2579      0.473      0.429      0.406      0.273

      Epoch    GPU_mem   box_loss   cls_loss   dfl_loss  Instances       Size
                   all       1392       2579      0.474      0.427      0.404      0.272

      Epoch    GPU_mem   box_loss   cls_loss   dfl_loss  Instances       Size
                   all       1392       2579      0.472      0.429      0.404      0.271

      Epoch    GPU_mem   box_loss   cls_loss   dfl_loss  Instances       Size
                   all       1392       2579       0.47      0.428      0.402       0.27

      Epoch    GPU_mem   box_loss   cls_loss   dfl_loss  Instances       Size
                   all       1392       2579      0.472      0.427      0.402       0.27

      Epoch    GPU_mem   box_loss   cls_loss   dfl_loss  Instances       Size
                   all       1392       2579      0.477      0.421      0.401      0.268

      Epoch    GPU_mem   box_loss   cls_loss   dfl_loss  Instances       Size
                   all       1392       2579      0.475      0.422        0.4      0.268

      Epoch    GPU_mem   box_loss   cls_loss   dfl_loss  Instances       Size
                   all       1392       2579      0.473      0.421      0.398      0.266

      Epoch    GPU_mem   box_loss   cls_loss   dfl_loss  Instances       Size
                   all       1392       2579      0.469       0.42      0.396      0.265

      Epoch    GPU_mem   box_loss   cls_loss   dfl_loss  Instances       Size
                   all       1392       2579      0.464      0.422      0.395      0.265

      Epoch    GPU_mem   box_loss   cls_loss   dfl_loss  Instances       Size
                   all       1392       2579      0.469      0.419      0.393      0.263

      Epoch    GPU_mem   box_loss   cls_loss   dfl_loss  Instances       Size
                   all       1392       2579      0.465      0.421      0.391      0.262

      Epoch    GPU_mem   box_loss   cls_loss   dfl_loss  Instances       Size
                   all       1392       2579      0.465      0.417       0.39      0.261

      Epoch    GPU_mem   box_loss   cls_loss   dfl_loss  Instances       Size
                   all       1392       2579       0.47      0.415       0.39       0.26

      Epoch    GPU_mem   box_loss   cls_loss   dfl_loss  Instances       Size
                   all       1392       2579      0.469      0.416      0.389       0.26

      Epoch    GPU_mem   box_loss   cls_loss   dfl_loss  Instances       Size
                   all       1392       2579       0.47      0.414      0.387      0.258

      Epoch    GPU_mem   box_loss   cls_loss   dfl_loss  Instances       Size
                   all       1392       2579      0.471      0.414      0.387      0.258

      Epoch    GPU_mem   box_loss   cls_loss   dfl_loss  Instances       Size
                   all       1392       2579      0.471      0.414      0.386      0.257

      Epoch    GPU_mem   box_loss   cls_loss   dfl_loss  Instances       Size
                   all       1392       2579      0.471      0.415      0.385      0.257

      Epoch    GPU_mem   box_loss   cls_loss   dfl_loss  Instances       Size
                   all       1392       2579      0.467      0.413      0.383      0.255

      Epoch    GPU_mem   box_loss   cls_loss   dfl_loss  Instances       Size
                   all       1392       2579      0.467      0.414      0.381      0.254

      Epoch    GPU_mem   box_loss   cls_loss   dfl_loss  Instances       Size
                   all       1392       2579      0.469      0.412      0.379      0.252

      Epoch    GPU_mem   box_loss   cls_loss   dfl_loss  Instances       Size
                   all       1392       2579       0.47      0.408      0.379      0.252

      Epoch    GPU_mem   box_loss   cls_loss   dfl_loss  Instances       Size
                   all       1392       2579      0.467      0.413      0.378      0.251

      Epoch    GPU_mem   box_loss   cls_loss   dfl_loss  Instances       Size
                   all       1392       2579      0.468      0.409      0.376       0.25

      Epoch    GPU_mem   box_loss   cls_loss   dfl_loss  Instances       Size
                   all       1392       2579      0.467      0.407      0.374      0.248

      Epoch    GPU_mem   box_loss   cls_loss   dfl_loss  Instances       Size
                   all       1392       2579      0.467      0.407      0.371      0.246

      Epoch    GPU_mem   box_loss   cls_loss   dfl_loss  Instances       Size
                   all       1392       2579      0.467      0.407       0.37      0.245

      Epoch    GPU_mem   box_loss   cls_loss   dfl_loss  Instances       Size
                   all       1392       2579      0.468      0.404      0.369      0.244

      Epoch    GPU_mem   box_loss   cls_loss   dfl_loss  Instances       Size
                   all       1392       2579      0.466      0.403      0.368      0.243

      Epoch    GPU_mem   box_loss   cls_loss   dfl_loss  Instances       Size
                   all       1392       2579      0.466      0.404      0.368      0.244

      Epoch    GPU_mem   box_loss   cls_loss   dfl_loss  Instances       Size
                   all       1392       2579      0.463      0.404      0.367      0.242

      Epoch    GPU_mem   box_loss   cls_loss   dfl_loss  Instances       Size
                   all       1392       2579      0.463      0.403      0.366      0.241

      Epoch    GPU_mem   box_loss   cls_loss   dfl_loss  Instances       Size
                   all       1392       2579      0.462      0.402      0.364      0.241

      Epoch    GPU_mem   box_loss   cls_loss   dfl_loss  Instances       Size
                   all       1392       2579      0.462      0.404      0.365      0.241

300 epochs completed in 2.549 hours.
Optimizer stripped from runs/detect/2024-08-28-20:16/step_1_finetune/weights/last.pt, 2.6MB
Optimizer stripped from runs/detect/2024-08-28-20:16/step_1_finetune/weights/best.pt, 2.6MB

Validating runs/detect/2024-08-28-20:16/step_1_finetune/weights/best.pt...
Ultralytics YOLOv8.2.64 🚀 Python-3.9.19 torch-2.3.1+cu121 CUDA:0 (NVIDIA GeForce RTX 3070, 7966MiB)
Model summary (fused): 185 layers, 590,485 parameters, 0 gradients, 2.3 GFLOPs
                   all       1392       2579      0.531      0.433      0.444      0.311
        Not Recyclable        182        261      0.515      0.494      0.502      0.307
            Food waste        155        340      0.665      0.531      0.567      0.327
                 Glass        145        186      0.403      0.294      0.282      0.206
               Textile        164        192      0.471       0.58      0.508      0.364
                 Metal        229        302      0.395      0.199      0.224      0.164
                Wooden        148        189      0.553       0.46      0.435      0.304
               Leather        140        151      0.396      0.592       0.54       0.43
               Plastic        289        417      0.573      0.345      0.386       0.28
               Ceramic        140        381       0.61      0.414      0.494      0.326
                 Paper        134        160      0.731      0.419      0.505        0.4
Speed: 0.1ms preprocess, 2.5ms inference, 0.0ms loss, 0.3ms postprocess per image
Results saved to [1mruns/detect/2024-08-28-20:16/step_1_finetune[0m
Ultralytics YOLOv8.2.64 🚀 Python-3.9.19 torch-2.3.1+cu121 CUDA:0 (NVIDIA GeForce RTX 3070, 7966MiB)
Model summary (fused): 185 layers, 590,485 parameters, 0 gradients, 2.3 GFLOPs
[34m[1mval: [0mWARNING ⚠️ /home/alex/Desktop/ultralytics/datasets/trash_detection_split/images/val/20210000051.jpg: corrupt JPEG restored and saved
[34m[1mval: [0mWARNING ⚠️ /home/alex/Desktop/ultralytics/datasets/trash_detection_split/images/val/20210000061.jpg: corrupt JPEG restored and saved
                   all       1392       2579      0.528      0.419      0.439      0.301
        Not Recyclable        182        261       0.51      0.471        0.5      0.298
            Food waste        155        340      0.677      0.536      0.572      0.325
                 Glass        145        186      0.389       0.29      0.266      0.189
               Textile        164        192      0.492      0.561      0.527      0.367
                 Metal        229        302      0.386      0.192      0.226      0.167
                Wooden        148        189      0.534      0.423      0.438       0.31
               Leather        140        151      0.413       0.55      0.512      0.411
               Plastic        289        417       0.52      0.317       0.37      0.258
               Ceramic        140        381      0.611      0.417      0.484      0.318
                 Paper        134        160      0.744      0.431      0.494       0.37
Speed: 0.2ms preprocess, 8.2ms inference, 0.0ms loss, 0.5ms postprocess per image
Results saved to [1mruns/detect/2024-08-28-20:16/step_1_post_val[0m
After fine tuning mAP=0.3013795791054345
Ultralytics YOLOv8.2.64 🚀 Python-3.9.19 torch-2.3.1+cu121 CPU (12th Gen Intel Core(TM) i9-12900K)
Model summary (fused): 185 layers, 590,485 parameters, 0 gradients, 2.3 GFLOPs

[34m[1mPyTorch:[0m starting from 'runs/detect/2024-08-28-20:16/step_1_finetune/weights/best.pt' with input shape (1, 3, 640, 640) BCHW and output shape(s) (1, 14, 8400) (2.5 MB)

[34m[1mONNX:[0m starting export with onnx 1.16.1 opset 17...
[34m[1mONNX:[0m export success ✅ 0.2s, saved as 'runs/detect/2024-08-28-20:16/step_1_finetune/weights/best.onnx' (2.5 MB)

Export complete (1.6s)
Results saved to [1m/home/alex/Desktop/ultralytics/runs/detect/2024-08-28-20:16/step_1_finetune/weights[0m
Predict:         yolo predict task=detect model=runs/detect/2024-08-28-20:16/step_1_finetune/weights/best.onnx imgsz=640  
Validate:        yolo val task=detect model=runs/detect/2024-08-28-20:16/step_1_finetune/weights/best.onnx imgsz=640 data=my_datasets/trash-detect.yaml  
Visualize:       https://netron.app
Final model saved at: runs/detect/2024-08-28-20:16/step_1_finetune/weights/best.onnx
--- Total runtime: 2:34:39.828045 (hours:min:sec) ---
